if { [catch {vsimulink d_tanh_mem_9k -t 1ns -voptargs=+acc  } errmsg] } {
    echo "Loading simulation and HDL Verifier library failed."; 
    echo $errmsg; 
    quit -f; 
}
# vsim d_tanh_mem_9k -t 1ns -voptargs="+acc" -foreign "simlinkserver {C:/Program Files/MATLAB/R2022a/toolbox/edalink/extensions/modelsim/windows64/liblfmhdls_gcc450vc12.dll}  ; -batch  ; -socket 51308 " 
# Start time: 18:25:04 on Apr 26,2022
# ** Note: (vsim-3812) Design is being optimized...
# //  Questa Sim-64
# //  Version 2020.2 win64 Apr 19 2020
# //
# //  Copyright 1991-2020 Mentor Graphics Corporation
# //  All Rights Reserved.
# //
# //  QuestaSim and its associated documentation contain trade
# //  secrets and commercial or financial information that are the property of
# //  Mentor Graphics Corporation and are privileged, confidential,
# //  and exempt from disclosure under the Freedom of Information Act,
# //  5 U.S.C. Section 552. Furthermore, this information
# //  is prohibited from disclosure under the Trade Secrets Act,
# //  18 U.S.C. Section 1905.
# //
# Loading std.standard
# Loading std.textio(body)
# Loading ieee.std_logic_1164(body)
# Loading ieee.std_logic_arith(body)
# Loading ieee.std_logic_unsigned(body)
# Loading ieee_proposed.math_utility_pkg
# Loading ieee.numeric_std(body)
# Loading ieee.math_real(body)
# Loading ieee_proposed.fixed_pkg(body)
# Loading ieee_proposed.float_pkg(body)
# Loading work.d_tanh_mem_9k(sincrona)#1
# Loading C:/Program Files/MATLAB/R2022a/toolbox/edalink/extensions/modelsim/windows64/liblfmhdls_gcc450vc12.dll
# ************************************************************************
# HDL server has been started in batch mode. The HDL simulator will be 
# blocked until Simulink starts cosimulation. If you do not want to run
# in batch mode, restart the HDL simulator in a different run mode. To 
# exit the HDL simulator without running a cosimulation session, issue 
# the breakHdlSim('51308') command in MATLAB.
# ** Warning: NUMERIC_STD."=": metavalue detected, returning FALSE
#    Time: 0 ns  Iteration: 1  Instance: /d_tanh_mem_9k
# ** Warning: NUMERIC_STD."<": metavalue detected, returning FALSE
#    Time: 0 ns  Iteration: 1  Instance: /d_tanh_mem_9k
# ** Warning: There is an 'U'|'X'|'W'|'Z'|'-' in an arithmetic operand, the result will be 'X'(es).
#    Time: 10 ns  Iteration: 0  Instance: /d_tanh_mem_9k
# ** Warning: CONV_INTEGER: There is an 'U'|'X'|'W'|'Z'|'-' in an arithmetic operand, and it has been converted to 0.
#    Time: 10 ns  Iteration: 0  Instance: /d_tanh_mem_9k
# ** Warning: There is an 'U'|'X'|'W'|'Z'|'-' in an arithmetic operand, the result will be 'X'(es).
#    Time: 30 ns  Iteration: 0  Instance: /d_tanh_mem_9k
# ** Warning: CONV_INTEGER: There is an 'U'|'X'|'W'|'Z'|'-' in an arithmetic operand, and it has been converted to 0.
#    Time: 30 ns  Iteration: 0  Instance: /d_tanh_mem_9k
# Simulation halt requested by foreign interface.

# 
# <EOF>
# End time: 18:49:32 on Apr 26,2022, Elapsed time: 0:24:28
# Errors: 0, Warnings: 6
