Info: Starting: Create HDL design files for synthesis
Info: qsys-generate C:\Users\jororoc\Documents\QDesign\mi_primer_niosii\nios_system.qsys --synthesis=VERILOG --output-directory=C:\Users\jororoc\Documents\QDesign\mi_primer_niosii\nios_system\synthesis --family="Cyclone IV E" --part=EP4CE115F29C7
Progress: Loading mi_primer_niosii/nios_system.qsys
Progress: Reading input file
Progress: Adding clk_50 [clock_source 17.1]
Progress: Parameterizing module clk_50
Progress: Adding cpu [altera_nios2_gen2 17.1]
Progress: Parameterizing module cpu
Progress: Adding jtag_uart [altera_avalon_jtag_uart 17.1]
Progress: Parameterizing module jtag_uart
Progress: Adding led_green [altera_avalon_pio 17.1]
Progress: Parameterizing module led_green
Progress: Adding onchip_memory [altera_avalon_onchip_memory2 17.1]
Progress: Parameterizing module onchip_memory
Progress: Adding sysid [altera_avalon_sysid_qsys 17.1]
Progress: Parameterizing module sysid
Progress: Adding timer [altera_avalon_timer 17.1]
Progress: Parameterizing module timer
Progress: Building connections
Progress: Parameterizing connections
Progress: Validating
Progress: Done reading input file
Info: nios_system.jtag_uart: JTAG UART IP input clock need to be at least double (2x) the operating frequency of JTAG TCK on board
Info: nios_system.sysid: System ID is not assigned automatically. Edit the System ID parameter to provide a unique ID
Info: nios_system.sysid: Time stamp will be automatically updated when this component is generated.
Info: nios_system: Generating nios_system "nios_system" for QUARTUS_SYNTH
Info: cpu: "nios_system" instantiated altera_nios2_gen2 "cpu"
Info: jtag_uart: Starting RTL generation for module 'nios_system_jtag_uart'
Info: jtag_uart:   Generation command is [exec C:/intelfpga/17.1/quartus/bin64/perl/bin/perl.exe -I C:/intelfpga/17.1/quartus/bin64/perl/lib -I C:/intelfpga/17.1/quartus/sopc_builder/bin/europa -I C:/intelfpga/17.1/quartus/sopc_builder/bin/perl_lib -I C:/intelfpga/17.1/quartus/sopc_builder/bin -I C:/intelfpga/17.1/quartus/../ip/altera/sopc_builder_ip/common -I C:/intelfpga/17.1/quartus/../ip/altera/sopc_builder_ip/altera_avalon_jtag_uart -- C:/intelfpga/17.1/quartus/../ip/altera/sopc_builder_ip/altera_avalon_jtag_uart/generate_rtl.pl --name=nios_system_jtag_uart --dir=C:/Users/jororoc/AppData/Local/Temp/alt9051_5429680051303081611.dir/0002_jtag_uart_gen/ --quartus_dir=C:/intelfpga/17.1/quartus --verilog --config=C:/Users/jororoc/AppData/Local/Temp/alt9051_5429680051303081611.dir/0002_jtag_uart_gen//nios_system_jtag_uart_component_configuration.pl  --do_build_sim=0  ]
Info: jtag_uart: Done RTL generation for module 'nios_system_jtag_uart'
Info: jtag_uart: "nios_system" instantiated altera_avalon_jtag_uart "jtag_uart"
Info: led_green: Starting RTL generation for module 'nios_system_led_green'
Info: led_green:   Generation command is [exec C:/intelfpga/17.1/quartus/bin64/perl/bin/perl.exe -I C:/intelfpga/17.1/quartus/bin64/perl/lib -I C:/intelfpga/17.1/quartus/sopc_builder/bin/europa -I C:/intelfpga/17.1/quartus/sopc_builder/bin/perl_lib -I C:/intelfpga/17.1/quartus/sopc_builder/bin -I C:/intelfpga/17.1/quartus/../ip/altera/sopc_builder_ip/common -I C:/intelfpga/17.1/quartus/../ip/altera/sopc_builder_ip/altera_avalon_pio -- C:/intelfpga/17.1/quartus/../ip/altera/sopc_builder_ip/altera_avalon_pio/generate_rtl.pl --name=nios_system_led_green --dir=C:/Users/jororoc/AppData/Local/Temp/alt9051_5429680051303081611.dir/0003_led_green_gen/ --quartus_dir=C:/intelfpga/17.1/quartus --verilog --config=C:/Users/jororoc/AppData/Local/Temp/alt9051_5429680051303081611.dir/0003_led_green_gen//nios_system_led_green_component_configuration.pl  --do_build_sim=0  ]
Info: led_green: Done RTL generation for module 'nios_system_led_green'
Info: led_green: "nios_system" instantiated altera_avalon_pio "led_green"
Info: onchip_memory: Starting RTL generation for module 'nios_system_onchip_memory'
Info: onchip_memory:   Generation command is [exec C:/intelfpga/17.1/quartus/bin64/perl/bin/perl.exe -I C:/intelfpga/17.1/quartus/bin64/perl/lib -I C:/intelfpga/17.1/quartus/sopc_builder/bin/europa -I C:/intelfpga/17.1/quartus/sopc_builder/bin/perl_lib -I C:/intelfpga/17.1/quartus/sopc_builder/bin -I C:/intelfpga/17.1/quartus/../ip/altera/sopc_builder_ip/common -I C:/intelfpga/17.1/quartus/../ip/altera/sopc_builder_ip/altera_avalon_onchip_memory2 -- C:/intelfpga/17.1/quartus/../ip/altera/sopc_builder_ip/altera_avalon_onchip_memory2/generate_rtl.pl --name=nios_system_onchip_memory --dir=C:/Users/jororoc/AppData/Local/Temp/alt9051_5429680051303081611.dir/0004_onchip_memory_gen/ --quartus_dir=C:/intelfpga/17.1/quartus --verilog --config=C:/Users/jororoc/AppData/Local/Temp/alt9051_5429680051303081611.dir/0004_onchip_memory_gen//nios_system_onchip_memory_component_configuration.pl  --do_build_sim=0  ]
Info: onchip_memory: Done RTL generation for module 'nios_system_onchip_memory'
Info: onchip_memory: "nios_system" instantiated altera_avalon_onchip_memory2 "onchip_memory"
Info: sysid: "nios_system" instantiated altera_avalon_sysid_qsys "sysid"
Info: timer: Starting RTL generation for module 'nios_system_timer'
Info: timer:   Generation command is [exec C:/intelFPGA/17.1/quartus/bin64//perl/bin/perl.exe -I C:/intelFPGA/17.1/quartus/bin64//perl/lib -I C:/intelfpga/17.1/quartus/sopc_builder/bin/europa -I C:/intelfpga/17.1/quartus/sopc_builder/bin/perl_lib -I C:/intelfpga/17.1/quartus/sopc_builder/bin -I C:/intelfpga/17.1/quartus/../ip/altera/sopc_builder_ip/common -I C:/intelfpga/17.1/quartus/../ip/altera/sopc_builder_ip/altera_avalon_timer -- C:/intelfpga/17.1/quartus/../ip/altera/sopc_builder_ip/altera_avalon_timer/generate_rtl.pl --name=nios_system_timer --dir=C:/Users/jororoc/AppData/Local/Temp/alt9051_5429680051303081611.dir/0006_timer_gen/ --quartus_dir=C:/intelfpga/17.1/quartus --verilog --config=C:/Users/jororoc/AppData/Local/Temp/alt9051_5429680051303081611.dir/0006_timer_gen//nios_system_timer_component_configuration.pl  --do_build_sim=0  ]
Info: timer: Done RTL generation for module 'nios_system_timer'
Info: timer: "nios_system" instantiated altera_avalon_timer "timer"
Info: avalon_st_adapter: Inserting error_adapter: error_adapter_0
Info: avalon_st_adapter_001: Inserting error_adapter: error_adapter_0
Info: avalon_st_adapter_002: Inserting error_adapter: error_adapter_0
Info: avalon_st_adapter_003: Inserting error_adapter: error_adapter_0
Info: avalon_st_adapter_004: Inserting error_adapter: error_adapter_0
Info: avalon_st_adapter_005: Inserting error_adapter: error_adapter_0
Info: mm_interconnect_0: "nios_system" instantiated altera_mm_interconnect "mm_interconnect_0"
Info: irq_mapper: "nios_system" instantiated altera_irq_mapper "irq_mapper"
Info: rst_controller: "nios_system" instantiated altera_reset_controller "rst_controller"
Info: cpu: Starting RTL generation for module 'nios_system_cpu_cpu'
Info: cpu:   Generation command is [exec C:/intelFPGA/17.1/quartus/bin64//eperlcmd.exe -I C:/intelFPGA/17.1/quartus/bin64//perl/lib -I C:/intelfpga/17.1/quartus/sopc_builder/bin/europa -I C:/intelfpga/17.1/quartus/sopc_builder/bin/perl_lib -I C:/intelfpga/17.1/quartus/sopc_builder/bin -I C:/intelfpga/17.1/quartus/../ip/altera/nios2_ip/altera_nios2_gen2/cpu_lib -I C:/intelfpga/17.1/quartus/../ip/altera/nios2_ip/altera_nios2_gen2/nios_lib -I C:/intelfpga/17.1/quartus/../ip/altera/nios2_ip/altera_nios2_gen2 -I C:/intelfpga/17.1/quartus/../ip/altera/nios2_ip/altera_nios2_gen2 -- C:/intelfpga/17.1/quartus/../ip/altera/nios2_ip/altera_nios2_gen2/generate_rtl.epl --name=nios_system_cpu_cpu --dir=C:/Users/jororoc/AppData/Local/Temp/alt9051_5429680051303081611.dir/0009_cpu_gen/ --quartus_bindir=C:/intelFPGA/17.1/quartus/bin64/ --verilog --config=C:/Users/jororoc/AppData/Local/Temp/alt9051_5429680051303081611.dir/0009_cpu_gen//nios_system_cpu_cpu_processor_configuration.pl  --do_build_sim=0  ]
Info: cpu: # 2022.02.28 12:04:17 (*) Starting Nios II generation
Info: cpu: # 2022.02.28 12:04:17 (*)   Checking for plaintext license.
Info: cpu: # 2022.02.28 12:04:18 (*)   Couldn't query license setup in Quartus directory C:/intelFPGA/17.1/quartus/bin64/
Info: cpu: # 2022.02.28 12:04:18 (*)   Defaulting to contents of LM_LICENSE_FILE environment variable
Info: cpu: # 2022.02.28 12:04:18 (*)   Plaintext license not found.
Info: cpu: # 2022.02.28 12:04:18 (*)   No license required to generate encrypted Nios II/e.
Info: cpu: # 2022.02.28 12:04:18 (*)   Elaborating CPU configuration settings
Info: cpu: # 2022.02.28 12:04:18 (*)   Creating all objects for CPU
Info: cpu: # 2022.02.28 12:04:19 (*)   Generating RTL from CPU objects
Info: cpu: # 2022.02.28 12:04:19 (*)   Creating plain-text RTL
Info: cpu: # 2022.02.28 12:04:20 (*) Done Nios II generation
Info: cpu: Done RTL generation for module 'nios_system_cpu_cpu'
Info: cpu: "cpu" instantiated altera_nios2_gen2_unit "cpu"
Info: cpu_data_master_translator: "mm_interconnect_0" instantiated altera_merlin_master_translator "cpu_data_master_translator"
Info: jtag_uart_avalon_jtag_slave_translator: "mm_interconnect_0" instantiated altera_merlin_slave_translator "jtag_uart_avalon_jtag_slave_translator"
Info: cpu_data_master_agent: "mm_interconnect_0" instantiated altera_merlin_master_agent "cpu_data_master_agent"
Info: jtag_uart_avalon_jtag_slave_agent: "mm_interconnect_0" instantiated altera_merlin_slave_agent "jtag_uart_avalon_jtag_slave_agent"
Info: jtag_uart_avalon_jtag_slave_agent_rsp_fifo: "mm_interconnect_0" instantiated altera_avalon_sc_fifo "jtag_uart_avalon_jtag_slave_agent_rsp_fifo"
Info: router: "mm_interconnect_0" instantiated altera_merlin_router "router"
Info: router_001: "mm_interconnect_0" instantiated altera_merlin_router "router_001"
Info: router_002: "mm_interconnect_0" instantiated altera_merlin_router "router_002"
Info: router_004: "mm_interconnect_0" instantiated altera_merlin_router "router_004"
Info: cmd_demux: "mm_interconnect_0" instantiated altera_merlin_demultiplexer "cmd_demux"
Info: cmd_demux_001: "mm_interconnect_0" instantiated altera_merlin_demultiplexer "cmd_demux_001"
Info: cmd_mux: "mm_interconnect_0" instantiated altera_merlin_multiplexer "cmd_mux"
Info: cmd_mux_002: "mm_interconnect_0" instantiated altera_merlin_multiplexer "cmd_mux_002"
Info: Reusing file C:/Users/jororoc/Documents/QDesign/mi_primer_niosii/nios_system/synthesis/submodules/altera_merlin_arbitrator.sv
Info: rsp_demux: "mm_interconnect_0" instantiated altera_merlin_demultiplexer "rsp_demux"
Info: rsp_mux: "mm_interconnect_0" instantiated altera_merlin_multiplexer "rsp_mux"
Info: Reusing file C:/Users/jororoc/Documents/QDesign/mi_primer_niosii/nios_system/synthesis/submodules/altera_merlin_arbitrator.sv
Info: rsp_mux_001: "mm_interconnect_0" instantiated altera_merlin_multiplexer "rsp_mux_001"
Info: Reusing file C:/Users/jororoc/Documents/QDesign/mi_primer_niosii/nios_system/synthesis/submodules/altera_merlin_arbitrator.sv
Info: avalon_st_adapter: "mm_interconnect_0" instantiated altera_avalon_st_adapter "avalon_st_adapter"
Info: error_adapter_0: "avalon_st_adapter" instantiated error_adapter "error_adapter_0"
Info: nios_system: Done "nios_system" with 29 modules, 42 files
Info: qsys-generate succeeded.
Info: Finished: Create HDL design files for synthesis
