13:29:01 **** Incremental Build of configuration Nios II for project Hello_RTOS ****
make all 
Info: Building ../Hello_RTOS_bsp/
C:/intelFPGA/17.1/nios2eds/bin/gnu/H-x86_64-mingw32/bin/make --no-print-directory -C ../Hello_RTOS_bsp/
[BSP build complete]
Info: Compiling Chs_UcosII.c to obj/default/Chs_UcosII.o
nios2-elf-gcc -xc -MP -MMD -c -I../Hello_RTOS_bsp//UCOSII/inc -I../Hello_RTOS_bsp//HAL/inc -I../Hello_RTOS_bsp/ -I../Hello_RTOS_bsp//drivers/inc  -pipe -D__hal__ -DALT_NO_INSTRUCTION_EMULATION -D__ucosii__    -O0 -g -Wall   -mno-hw-div -mhw-mul -mno-hw-mulx -mgpopt=global  -o obj/default/Chs_UcosII.o Chs_UcosII.c
Info: Linking Hello_RTOS.elf
nios2-elf-g++  -T'../Hello_RTOS_bsp//linker.x' -msys-crt0='../Hello_RTOS_bsp//obj/HAL/src/crt0.o' -msys-lib=ucosii_bsp -L../Hello_RTOS_bsp/   -Wl,-Map=Hello_RTOS.map   -O0 -g -Wall   -mno-hw-div -mhw-mul -mno-hw-mulx -mgpopt=global  -o Hello_RTOS.elf obj/default/Chs_UcosII.o -lm -msys-lib=m
nios2-elf-insert Hello_RTOS.elf --thread_model ucosii --cpu_name cpu --qsys true --simulation_enabled false --id 0 --sidp 0x10001040 --timestamp 1605123295 --stderr_dev jtag_uart --stdin_dev jtag_uart --stdout_dev jtag_uart --sopc_system_name nios_system_pwm_rtos --quartus_project_dir "C:/Users/jororoc/Documents/QDesign/Tarea4_1" --jdi ../..//output_files/DE2_115_Media_Computer.jdi --sopcinfo C:/Users/jororoc/Documents/QDesign/Tarea4_1/Software/Hello_RTOS_bsp/../../nios_system_pwm_rtos.sopcinfo
Info: (Hello_RTOS.elf) 179 KBytes program size (code + initialized data).
Info:                  130884 KBytes free for stack + heap.
Info: Creating Hello_RTOS.objdump
nios2-elf-objdump --disassemble --syms --all-header --source Hello_RTOS.elf >Hello_RTOS.objdump
[Hello_RTOS build complete]
13:29:05 **** Build of configuration Nios II for project Hello_RTOS ****
make all 
Info: Building ../Hello_RTOS_bsp/
C:/intelFPGA/17.1/nios2eds/bin/gnu/H-x86_64-mingw32/bin/make --no-print-directory -C ../Hello_RTOS_bsp/
[BSP build complete]
[Hello_RTOS build complete]
13:29:06 **** Incremental Build of configuration Nios II for project Hello_RTOS ****
make all 
Info: Building ../Hello_RTOS_bsp/
C:/intelFPGA/17.1/nios2eds/bin/gnu/H-x86_64-mingw32/bin/make --no-print-directory -C ../Hello_RTOS_bsp/
[BSP build complete]
[Hello_RTOS build complete]
