Restore Archived Project report for tecnica0
Mon Apr 04 12:14:29 2022
Quartus Prime Version 17.1.1 Internal Build 593 12/11/2017 SJ Standard Edition


---------------------
; Table of Contents ;
---------------------
  1. Legal Notice
  2. Restore Archived Project Summary
  3. Restore Archived Project Messages
  4. Files Restored
  5. Files Not Restored



----------------
; Legal Notice ;
----------------
Copyright (C) 2017  Intel Corporation. All rights reserved.
Your use of Intel Corporation's design tools, logic functions 
and other software and tools, and its AMPP partner logic 
functions, and any output files from any of the foregoing 
(including device programming or simulation files), and any 
associated documentation or information are expressly subject 
to the terms and conditions of the Intel Program License 
Subscription Agreement, the Intel Quartus Prime License Agreement,
the Intel FPGA IP License Agreement, or other applicable license
agreement, including, without limitation, that your use is for
the sole purpose of programming logic devices manufactured by
Intel and sold by Intel or its authorized distributors.  Please
refer to the applicable agreement for further details.



+-------------------------------------------------------------------------+
; Restore Archived Project Summary                                        ;
+---------------------------------+---------------------------------------+
; Restore Archived Project Status ; Successful - Mon Apr 04 12:14:29 2022 ;
; Revision Name                   ; tecnica0                              ;
; Top-level Entity Name           ; tecnica0                              ;
; Family                          ; Cyclone V                             ;
+---------------------------------+---------------------------------------+


+-----------------------------------+
; Restore Archived Project Messages ;
+-----------------------------------+
Info: Successfully restored 'C:/Users/jororoc/Documents/QDesign/Tarea3/aceleracion_partida.qar' into the 'C:/Users/jororoc/Documents/QDesign/Tarea3/aceleracion_partida_restored/' directory
Info: Generated report 'tecnica0.restore.rpt'
Info (23030): Evaluation of Tcl script c:/intelfpga/17.1/quartus/common/tcl/apps/qpm/qar.tcl was successful
Info: Quartus Prime Shell was successful. 0 errors, 16 warnings
    Info: Peak virtual memory: 4892 megabytes
    Info: Processing ended: Mon Apr 04 12:14:30 2022
    Info: Elapsed time: 00:00:04
    Info: Total CPU time (on all processors): 00:00:04


+-------------------------------------------------------------------------------------------------------------------+
; Files Restored                                                                                                    ;
+-------------------------------------------------------------------------------------------------------------------+
; File Name                                                                                                         ;
+-------------------------------------------------------------------------------------------------------------------+
; qar_info.json                                                                                                     ;
; borrar.sopcinfo                                                                                                   ;
; inferencia2_capas_3spaces.qsf                                                                                     ;
; inferencia3_capas.qsf                                                                                             ;
; inferencia3_capas_ddr3.qsf                                                                                        ;
; inferencia_articulo.qsf                                                                                           ;
; inferencia_articulo4.qsf                                                                                          ;
; mnist4_con_memoria.qsf                                                                                            ;
; mnist4_con_memoria_fp16.qsf                                                                                       ;
; nios_system_mnist.sopcinfo                                                                                        ;
; nios_system_mnist2.sopcinfo                                                                                       ;
; nios_system_mnist3.sopcinfo                                                                                       ;
; nios_system_mnist4.sopcinfo                                                                                       ;
; nios_system_mnist4_3capas.sopcinfo                                                                                ;
; nios_system_mnist4_3capas_ddr3.sopcinfo                                                                           ;
; nios_system_mnist4_3capas_prueba.sopcinfo                                                                         ;
; nios_system_mnist4_con_memoria.sopcinfo                                                                           ;
; nios_system_mnist4_con_memoria_fp16.sopcinfo                                                                      ;
; nios_system_tec0.qsys                                                                                             ;
; nios_system_tec0.sopcinfo                                                                                         ;
; nios_system_tec0/nios_system_tec0.cmp                                                                             ;
; nios_system_tec0/synthesis/nios_system_tec0.debuginfo                                                             ;
; nios_system_tec0/synthesis/nios_system_tec0.qip                                                                   ;
; nios_system_tec0/synthesis/nios_system_tec0.regmap                                                                ;
; nios_system_tec0/synthesis/nios_system_tec0.v                                                                     ;
; nios_system_tec0/synthesis/submodules/altera_avalon_dc_fifo.sdc                                                   ;
; nios_system_tec0/synthesis/submodules/altera_avalon_dc_fifo.v                                                     ;
; nios_system_tec0/synthesis/submodules/altera_avalon_mm_clock_crossing_bridge.v                                    ;
; nios_system_tec0/synthesis/submodules/altera_avalon_sc_fifo.v                                                     ;
; nios_system_tec0/synthesis/submodules/altera_avalon_st_pipeline_base.v                                            ;
; nios_system_tec0/synthesis/submodules/altera_avalon_st_pipeline_stage.sv                                          ;
; nios_system_tec0/synthesis/submodules/altera_dcfifo_synchronizer_bundle.v                                         ;
; nios_system_tec0/synthesis/submodules/altera_default_burst_converter.sv                                           ;
; nios_system_tec0/synthesis/submodules/altera_incr_burst_converter.sv                                              ;
; nios_system_tec0/synthesis/submodules/altera_irq_clock_crosser.sv                                                 ;
; nios_system_tec0/synthesis/submodules/altera_merlin_address_alignment.sv                                          ;
; nios_system_tec0/synthesis/submodules/altera_merlin_arbitrator.sv                                                 ;
; nios_system_tec0/synthesis/submodules/altera_merlin_burst_adapter.sv                                              ;
; nios_system_tec0/synthesis/submodules/altera_merlin_burst_adapter_13_1.sv                                         ;
; nios_system_tec0/synthesis/submodules/altera_merlin_burst_adapter_new.sv                                          ;
; nios_system_tec0/synthesis/submodules/altera_merlin_burst_adapter_uncmpr.sv                                       ;
; nios_system_tec0/synthesis/submodules/altera_merlin_burst_uncompressor.sv                                         ;
; nios_system_tec0/synthesis/submodules/altera_merlin_master_agent.sv                                               ;
; nios_system_tec0/synthesis/submodules/altera_merlin_master_translator.sv                                          ;
; nios_system_tec0/synthesis/submodules/altera_merlin_reorder_memory.sv                                             ;
; nios_system_tec0/synthesis/submodules/altera_merlin_slave_agent.sv                                                ;
; nios_system_tec0/synthesis/submodules/altera_merlin_slave_translator.sv                                           ;
; nios_system_tec0/synthesis/submodules/altera_merlin_traffic_limiter.sv                                            ;
; nios_system_tec0/synthesis/submodules/altera_merlin_width_adapter.sv                                              ;
; nios_system_tec0/synthesis/submodules/altera_reset_controller.sdc                                                 ;
; nios_system_tec0/synthesis/submodules/altera_reset_controller.v                                                   ;
; nios_system_tec0/synthesis/submodules/altera_reset_synchronizer.v                                                 ;
; nios_system_tec0/synthesis/submodules/altera_std_synchronizer_nocut.v                                             ;
; nios_system_tec0/synthesis/submodules/altera_wrap_burst_converter.sv                                              ;
; nios_system_tec0/synthesis/submodules/nios_system_tec0_cpu.v                                                      ;
; nios_system_tec0/synthesis/submodules/nios_system_tec0_cpu_cpu.ocp                                                ;
; nios_system_tec0/synthesis/submodules/nios_system_tec0_cpu_cpu.sdc                                                ;
; nios_system_tec0/synthesis/submodules/nios_system_tec0_cpu_cpu.v                                                  ;
; nios_system_tec0/synthesis/submodules/nios_system_tec0_cpu_cpu_bht_ram.mif                                        ;
; nios_system_tec0/synthesis/submodules/nios_system_tec0_cpu_cpu_dc_tag_ram.mif                                     ;
; nios_system_tec0/synthesis/submodules/nios_system_tec0_cpu_cpu_debug_slave_sysclk.v                               ;
; nios_system_tec0/synthesis/submodules/nios_system_tec0_cpu_cpu_debug_slave_tck.v                                  ;
; nios_system_tec0/synthesis/submodules/nios_system_tec0_cpu_cpu_debug_slave_wrapper.v                              ;
; nios_system_tec0/synthesis/submodules/nios_system_tec0_cpu_cpu_ic_tag_ram.mif                                     ;
; nios_system_tec0/synthesis/submodules/nios_system_tec0_cpu_cpu_mult_cell.v                                        ;
; nios_system_tec0/synthesis/submodules/nios_system_tec0_cpu_cpu_ociram_default_contents.mif                        ;
; nios_system_tec0/synthesis/submodules/nios_system_tec0_cpu_cpu_rf_ram_a.mif                                       ;
; nios_system_tec0/synthesis/submodules/nios_system_tec0_cpu_cpu_rf_ram_b.mif                                       ;
; nios_system_tec0/synthesis/submodules/nios_system_tec0_cpu_cpu_test_bench.v                                       ;
; nios_system_tec0/synthesis/submodules/nios_system_tec0_irq_mapper.sv                                              ;
; nios_system_tec0/synthesis/submodules/nios_system_tec0_jtag_uart.v                                                ;
; nios_system_tec0/synthesis/submodules/nios_system_tec0_key.v                                                      ;
; nios_system_tec0/synthesis/submodules/nios_system_tec0_led.v                                                      ;
; nios_system_tec0/synthesis/submodules/nios_system_tec0_mm_interconnect_0.v                                        ;
; nios_system_tec0/synthesis/submodules/nios_system_tec0_mm_interconnect_0_avalon_st_adapter.v                      ;
; nios_system_tec0/synthesis/submodules/nios_system_tec0_mm_interconnect_0_avalon_st_adapter_004.v                  ;
; nios_system_tec0/synthesis/submodules/nios_system_tec0_mm_interconnect_0_avalon_st_adapter_004_error_adapter_0.sv ;
; nios_system_tec0/synthesis/submodules/nios_system_tec0_mm_interconnect_0_avalon_st_adapter_error_adapter_0.sv     ;
; nios_system_tec0/synthesis/submodules/nios_system_tec0_mm_interconnect_0_cmd_demux.sv                             ;
; nios_system_tec0/synthesis/submodules/nios_system_tec0_mm_interconnect_0_cmd_demux_001.sv                         ;
; nios_system_tec0/synthesis/submodules/nios_system_tec0_mm_interconnect_0_cmd_mux.sv                               ;
; nios_system_tec0/synthesis/submodules/nios_system_tec0_mm_interconnect_0_cmd_mux_002.sv                           ;
; nios_system_tec0/synthesis/submodules/nios_system_tec0_mm_interconnect_0_router.sv                                ;
; nios_system_tec0/synthesis/submodules/nios_system_tec0_mm_interconnect_0_router_001.sv                            ;
; nios_system_tec0/synthesis/submodules/nios_system_tec0_mm_interconnect_0_router_002.sv                            ;
; nios_system_tec0/synthesis/submodules/nios_system_tec0_mm_interconnect_0_router_004.sv                            ;
; nios_system_tec0/synthesis/submodules/nios_system_tec0_mm_interconnect_0_router_006.sv                            ;
; nios_system_tec0/synthesis/submodules/nios_system_tec0_mm_interconnect_0_rsp_demux.sv                             ;
; nios_system_tec0/synthesis/submodules/nios_system_tec0_mm_interconnect_0_rsp_demux_002.sv                         ;
; nios_system_tec0/synthesis/submodules/nios_system_tec0_mm_interconnect_0_rsp_mux.sv                               ;
; nios_system_tec0/synthesis/submodules/nios_system_tec0_mm_interconnect_0_rsp_mux_001.sv                           ;
; nios_system_tec0/synthesis/submodules/nios_system_tec0_mm_interconnect_1.v                                        ;
; nios_system_tec0/synthesis/submodules/nios_system_tec0_mm_interconnect_1_cmd_demux.sv                             ;
; nios_system_tec0/synthesis/submodules/nios_system_tec0_mm_interconnect_1_cmd_mux.sv                               ;
; nios_system_tec0/synthesis/submodules/nios_system_tec0_mm_interconnect_1_router.sv                                ;
; nios_system_tec0/synthesis/submodules/nios_system_tec0_mm_interconnect_1_router_001.sv                            ;
; nios_system_tec0/synthesis/submodules/nios_system_tec0_mm_interconnect_1_rsp_demux.sv                             ;
; nios_system_tec0/synthesis/submodules/nios_system_tec0_mm_interconnect_1_rsp_mux.sv                               ;
; nios_system_tec0/synthesis/submodules/nios_system_tec0_performance_counter_0.v                                    ;
; nios_system_tec0/synthesis/submodules/nios_system_tec0_pll.qip                                                    ;
; nios_system_tec0/synthesis/submodules/nios_system_tec0_pll.v                                                      ;
; nios_system_tec0/synthesis/submodules/nios_system_tec0_sdram.v                                                    ;
; nios_system_tec0/synthesis/submodules/nios_system_tec0_sw.v                                                       ;
; nios_system_tec0/synthesis/submodules/nios_system_tec0_sysid.v                                                    ;
; nios_system_tec0/synthesis/submodules/nios_system_tec0_timer.v                                                    ;
; nios_system_tec1.sopcinfo                                                                                         ;
; nios_system_tec10.sopcinfo                                                                                        ;
; nios_system_tec2.sopcinfo                                                                                         ;
; nios_system_tec3.sopcinfo                                                                                         ;
; nios_system_tec4.sopcinfo                                                                                         ;
; nios_system_tec5.sopcinfo                                                                                         ;
; nios_system_tec7.sopcinfo                                                                                         ;
; nios_system_tec8.sopcinfo                                                                                         ;
; nios_system_tec9.sopcinfo                                                                                         ;
; output_files/tecnica0.asm.rpt                                                                                     ;
; output_files/tecnica0.fit.rpt                                                                                     ;
; output_files/tecnica0.fit.smsg                                                                                    ;
; output_files/tecnica0.fit.summary                                                                                 ;
; output_files/tecnica0.flow.rpt                                                                                    ;
; output_files/tecnica0.jdi                                                                                         ;
; output_files/tecnica0.map.rpt                                                                                     ;
; output_files/tecnica0.map.smsg                                                                                    ;
; output_files/tecnica0.map.summary                                                                                 ;
; output_files/tecnica0.pin                                                                                         ;
; output_files/tecnica0.pof                                                                                         ;
; output_files/tecnica0.sld                                                                                         ;
; output_files/tecnica0.sof                                                                                         ;
; output_files/tecnica0.sta.rpt                                                                                     ;
; output_files/tecnica0.sta.summary                                                                                 ;
; tarea_aceleracion.qpf                                                                                             ;
; tarea_aceleracion.qsf                                                                                             ;
; tecnica0.out.sdc                                                                                                  ;
; tecnica0.qsf                                                                                                      ;
; tecnica0.v                                                                                                        ;
; tecnica1.qsf                                                                                                      ;
; tecnica10.qsf                                                                                                     ;
; tecnica1_assignment_defaults.qdf                                                                                  ;
; tecnica2.out.sdc                                                                                                  ;
; tecnica2.qsf                                                                                                      ;
; tecnica3.qsf                                                                                                      ;
; tecnica4.qsf                                                                                                      ;
; tecnica5.qsf                                                                                                      ;
; tecnica7.qsf                                                                                                      ;
; tecnica8.qsf                                                                                                      ;
; tecnica9.qsf                                                                                                      ;
; tecnicas.out.sdc                                                                                                  ;
+-------------------------------------------------------------------------------------------------------------------+


+--------------------+
; Files Not Restored ;
+--------------------+
; File Name          ;
+--------------------+


