Analysis & Synthesis report for tangente_PWL_hard
Tue Apr 19 20:48:09 2022
Quartus Prime Version 17.1.0 Build 590 10/25/2017 SJ Lite Edition


---------------------
; Table of Contents ;
---------------------
  1. Legal Notice
  2. Analysis & Synthesis Summary
  3. Analysis & Synthesis Settings
  4. Parallel Compilation
  5. Analysis & Synthesis Source Files Read
  6. Analysis & Synthesis Resource Usage Summary
  7. Analysis & Synthesis Resource Utilization by Entity
  8. Registers Removed During Synthesis
  9. General Register Statistics
 10. Multiplexer Restructuring Statistics (Restructuring Performed)
 11. Parameter Settings for User Entity Instance: Top-level Entity: |top_tanh
 12. Parameter Settings for User Entity Instance: tangente_hiperbolica:U1|LPM_CLSHIFT:lpm_clshift_component
 13. Parameter Settings for User Entity Instance: tangente_hiperbolica:U1|LPM_OR:lpm_or_component
 14. Parameter Settings for User Entity Instance: derivada_tangente_hiperbolica:U2|LPM_CLSHIFT:lpm_clshift_component
 15. Parameter Settings for User Entity Instance: derivada_tangente_hiperbolica:U2|LPM_OR:lpm_or_component
 16. Port Connectivity Checks: "derivada_tangente_hiperbolica:U2"
 17. Port Connectivity Checks: "tangente_hiperbolica:U1"
 18. Post-Synthesis Netlist Statistics for Top Partition
 19. Elapsed Time Per Partition
 20. Analysis & Synthesis Messages



----------------
; Legal Notice ;
----------------
Copyright (C) 2017  Intel Corporation. All rights reserved.
Your use of Intel Corporation's design tools, logic functions 
and other software and tools, and its AMPP partner logic 
functions, and any output files from any of the foregoing 
(including device programming or simulation files), and any 
associated documentation or information are expressly subject 
to the terms and conditions of the Intel Program License 
Subscription Agreement, the Intel Quartus Prime License Agreement,
the Intel FPGA IP License Agreement, or other applicable license
agreement, including, without limitation, that your use is for
the sole purpose of programming logic devices manufactured by
Intel and sold by Intel or its authorized distributors.  Please
refer to the applicable agreement for further details.



+-------------------------------------------------------------------------------+
; Analysis & Synthesis Summary                                                  ;
+---------------------------------+---------------------------------------------+
; Analysis & Synthesis Status     ; Successful - Tue Apr 19 20:48:09 2022       ;
; Quartus Prime Version           ; 17.1.0 Build 590 10/25/2017 SJ Lite Edition ;
; Revision Name                   ; tangente_PWL_hard                           ;
; Top-level Entity Name           ; top_tanh                                    ;
; Family                          ; Cyclone V                                   ;
; Logic utilization (in ALMs)     ; N/A                                         ;
; Total registers                 ; 125                                         ;
; Total pins                      ; 71                                          ;
; Total virtual pins              ; 0                                           ;
; Total block memory bits         ; 0                                           ;
; Total DSP Blocks                ; 0                                           ;
; Total HSSI RX PCSs              ; 0                                           ;
; Total HSSI PMA RX Deserializers ; 0                                           ;
; Total HSSI TX PCSs              ; 0                                           ;
; Total HSSI PMA TX Serializers   ; 0                                           ;
; Total PLLs                      ; 0                                           ;
; Total DLLs                      ; 0                                           ;
+---------------------------------+---------------------------------------------+


+---------------------------------------------------------------------------------------------------------------------------+
; Analysis & Synthesis Settings                                                                                             ;
+---------------------------------------------------------------------------------+--------------------+--------------------+
; Option                                                                          ; Setting            ; Default Value      ;
+---------------------------------------------------------------------------------+--------------------+--------------------+
; Device                                                                          ; 5CSEMA5F31C6       ;                    ;
; Top-level entity name                                                           ; top_tanh           ; tangente_PWL_hard  ;
; Family name                                                                     ; Cyclone V          ; Cyclone V          ;
; Use smart compilation                                                           ; Off                ; Off                ;
; Enable parallel Assembler and TimeQuest Timing Analyzer during compilation      ; On                 ; On                 ;
; Enable compact report table                                                     ; Off                ; Off                ;
; Restructure Multiplexers                                                        ; Auto               ; Auto               ;
; MLAB Add Timing Constraints For Mixed-Port Feed-Through Mode Setting Don't Care ; Off                ; Off                ;
; Create Debugging Nodes for IP Cores                                             ; Off                ; Off                ;
; Preserve fewer node names                                                       ; On                 ; On                 ;
; Intel FPGA IP Evaluation Mode                                                   ; Enable             ; Enable             ;
; Verilog Version                                                                 ; Verilog_2001       ; Verilog_2001       ;
; VHDL Version                                                                    ; VHDL_1993          ; VHDL_1993          ;
; State Machine Processing                                                        ; Auto               ; Auto               ;
; Safe State Machine                                                              ; Off                ; Off                ;
; Extract Verilog State Machines                                                  ; On                 ; On                 ;
; Extract VHDL State Machines                                                     ; On                 ; On                 ;
; Ignore Verilog initial constructs                                               ; Off                ; Off                ;
; Iteration limit for constant Verilog loops                                      ; 5000               ; 5000               ;
; Iteration limit for non-constant Verilog loops                                  ; 250                ; 250                ;
; Add Pass-Through Logic to Inferred RAMs                                         ; On                 ; On                 ;
; Infer RAMs from Raw Logic                                                       ; On                 ; On                 ;
; Parallel Synthesis                                                              ; On                 ; On                 ;
; DSP Block Balancing                                                             ; Auto               ; Auto               ;
; NOT Gate Push-Back                                                              ; On                 ; On                 ;
; Power-Up Don't Care                                                             ; On                 ; On                 ;
; Remove Redundant Logic Cells                                                    ; Off                ; Off                ;
; Remove Duplicate Registers                                                      ; On                 ; On                 ;
; Ignore CARRY Buffers                                                            ; Off                ; Off                ;
; Ignore CASCADE Buffers                                                          ; Off                ; Off                ;
; Ignore GLOBAL Buffers                                                           ; Off                ; Off                ;
; Ignore ROW GLOBAL Buffers                                                       ; Off                ; Off                ;
; Ignore LCELL Buffers                                                            ; Off                ; Off                ;
; Ignore SOFT Buffers                                                             ; On                 ; On                 ;
; Limit AHDL Integers to 32 Bits                                                  ; Off                ; Off                ;
; Optimization Technique                                                          ; Balanced           ; Balanced           ;
; Carry Chain Length                                                              ; 70                 ; 70                 ;
; Auto Carry Chains                                                               ; On                 ; On                 ;
; Auto Open-Drain Pins                                                            ; On                 ; On                 ;
; Perform WYSIWYG Primitive Resynthesis                                           ; Off                ; Off                ;
; Auto ROM Replacement                                                            ; On                 ; On                 ;
; Auto RAM Replacement                                                            ; On                 ; On                 ;
; Auto DSP Block Replacement                                                      ; On                 ; On                 ;
; Auto Shift Register Replacement                                                 ; Auto               ; Auto               ;
; Allow Shift Register Merging across Hierarchies                                 ; Auto               ; Auto               ;
; Auto Clock Enable Replacement                                                   ; On                 ; On                 ;
; Strict RAM Replacement                                                          ; Off                ; Off                ;
; Allow Synchronous Control Signals                                               ; On                 ; On                 ;
; Force Use of Synchronous Clear Signals                                          ; Off                ; Off                ;
; Auto Resource Sharing                                                           ; Off                ; Off                ;
; Allow Any RAM Size For Recognition                                              ; Off                ; Off                ;
; Allow Any ROM Size For Recognition                                              ; Off                ; Off                ;
; Allow Any Shift Register Size For Recognition                                   ; Off                ; Off                ;
; Use LogicLock Constraints during Resource Balancing                             ; On                 ; On                 ;
; Ignore translate_off and synthesis_off directives                               ; Off                ; Off                ;
; Timing-Driven Synthesis                                                         ; On                 ; On                 ;
; Report Parameter Settings                                                       ; On                 ; On                 ;
; Report Source Assignments                                                       ; On                 ; On                 ;
; Report Connectivity Checks                                                      ; On                 ; On                 ;
; Ignore Maximum Fan-Out Assignments                                              ; Off                ; Off                ;
; Synchronization Register Chain Length                                           ; 3                  ; 3                  ;
; Power Optimization During Synthesis                                             ; Normal compilation ; Normal compilation ;
; HDL message level                                                               ; Level2             ; Level2             ;
; Suppress Register Optimization Related Messages                                 ; Off                ; Off                ;
; Number of Removed Registers Reported in Synthesis Report                        ; 5000               ; 5000               ;
; Number of Swept Nodes Reported in Synthesis Report                              ; 5000               ; 5000               ;
; Number of Inverted Registers Reported in Synthesis Report                       ; 100                ; 100                ;
; Clock MUX Protection                                                            ; On                 ; On                 ;
; Auto Gated Clock Conversion                                                     ; Off                ; Off                ;
; Block Design Naming                                                             ; Auto               ; Auto               ;
; SDC constraint protection                                                       ; Off                ; Off                ;
; Synthesis Effort                                                                ; Auto               ; Auto               ;
; Shift Register Replacement - Allow Asynchronous Clear Signal                    ; On                 ; On                 ;
; Pre-Mapping Resynthesis Optimization                                            ; Off                ; Off                ;
; Analysis & Synthesis Message Level                                              ; Medium             ; Medium             ;
; Disable Register Merging Across Hierarchies                                     ; Auto               ; Auto               ;
; Resource Aware Inference For Block RAM                                          ; On                 ; On                 ;
; Automatic Parallel Synthesis                                                    ; On                 ; On                 ;
; Partial Reconfiguration Bitstream ID                                            ; Off                ; Off                ;
+---------------------------------------------------------------------------------+--------------------+--------------------+


+------------------------------------------+
; Parallel Compilation                     ;
+----------------------------+-------------+
; Processors                 ; Number      ;
+----------------------------+-------------+
; Number detected on machine ; 4           ;
; Maximum allowed            ; 2           ;
;                            ;             ;
; Average used               ; 1.00        ;
; Maximum used               ; 2           ;
;                            ;             ;
; Usage by Processor         ; % Time Used ;
;     Processor 1            ; 100.0%      ;
;     Processor 2            ;   0.0%      ;
+----------------------------+-------------+


+------------------------------------------------------------------------------------------------------------------------------------------------------------------------------------------------------------------------+
; Analysis & Synthesis Source Files Read                                                                                                                                                                                 ;
+------------------------------------+-----------------+------------------------------+------------------------------------------------------------------------------------------------------------------------+---------+
; File Name with User-Entered Path   ; Used in Netlist ; File Type                    ; File Name with Absolute Path                                                                                           ; Library ;
+------------------------------------+-----------------+------------------------------+------------------------------------------------------------------------------------------------------------------------+---------+
; top_tanh.vhd                       ; yes             ; User VHDL File               ; C:/Users/jose_/Documents/UPV/MUISE_21_22/SID-Laboratories/Tarea3/tangente_PWL_vhd-1/top_tanh.vhd                       ;         ;
; tangente_float_optima.vhd          ; yes             ; User VHDL File               ; C:/Users/jose_/Documents/UPV/MUISE_21_22/SID-Laboratories/Tarea3/tangente_PWL_vhd-1/tangente_float_optima.vhd          ;         ;
; derivada_tangente_float_optima.vhd ; yes             ; User VHDL File               ; C:/Users/jose_/Documents/UPV/MUISE_21_22/SID-Laboratories/Tarea3/tangente_PWL_vhd-1/derivada_tangente_float_optima.vhd ;         ;
; lpm_clshift.tdf                    ; yes             ; Megafunction                 ; c:/intelfpga_lite/17.1/quartus/libraries/megafunctions/lpm_clshift.tdf                                                 ;         ;
; db/lpm_clshift_5lb.tdf             ; yes             ; Auto-Generated Megafunction  ; C:/Users/jose_/Documents/UPV/MUISE_21_22/SID-Laboratories/Tarea3/tangente_PWL_vhd-1/db/lpm_clshift_5lb.tdf             ;         ;
; lpm_or.tdf                         ; yes             ; Megafunction                 ; c:/intelfpga_lite/17.1/quartus/libraries/megafunctions/lpm_or.tdf                                                      ;         ;
; aglobal171.inc                     ; yes             ; Megafunction                 ; c:/intelfpga_lite/17.1/quartus/libraries/megafunctions/aglobal171.inc                                                  ;         ;
+------------------------------------+-----------------+------------------------------+------------------------------------------------------------------------------------------------------------------------+---------+


+---------------------------------------------------------+
; Analysis & Synthesis Resource Usage Summary             ;
+---------------------------------------------+-----------+
; Resource                                    ; Usage     ;
+---------------------------------------------+-----------+
; Estimate of Logic utilization (ALMs needed) ; 233       ;
;                                             ;           ;
; Combinational ALUT usage for logic          ; 282       ;
;     -- 7 input functions                    ; 1         ;
;     -- 6 input functions                    ; 142       ;
;     -- 5 input functions                    ; 55        ;
;     -- 4 input functions                    ; 38        ;
;     -- <=3 input functions                  ; 46        ;
;                                             ;           ;
; Dedicated logic registers                   ; 125       ;
;                                             ;           ;
; I/O pins                                    ; 71        ;
;                                             ;           ;
; Total DSP Blocks                            ; 0         ;
;                                             ;           ;
; Maximum fan-out node                        ; clk~input ;
; Maximum fan-out                             ; 125       ;
; Total fan-out                               ; 2022      ;
; Average fan-out                             ; 3.68      ;
+---------------------------------------------+-----------+


+-----------------------------------------------------------------------------------------------------------------------------------------------------------------------------------------------------------------------------------------------------------------------------------------------------------------+
; Analysis & Synthesis Resource Utilization by Entity                                                                                                                                                                                                                                                             ;
+-------------------------------------------+---------------------+---------------------------+-------------------+------------+------+--------------+-------------------------------------------------------------------------------------------------------------+-------------------------------+--------------+
; Compilation Hierarchy Node                ; Combinational ALUTs ; Dedicated Logic Registers ; Block Memory Bits ; DSP Blocks ; Pins ; Virtual Pins ; Full Hierarchy Name                                                                                         ; Entity Name                   ; Library Name ;
+-------------------------------------------+---------------------+---------------------------+-------------------+------------+------+--------------+-------------------------------------------------------------------------------------------------------------+-------------------------------+--------------+
; |top_tanh                                 ; 282 (6)             ; 125 (64)                  ; 0                 ; 0          ; 71   ; 0            ; |top_tanh                                                                                                   ; top_tanh                      ; work         ;
;    |derivada_tangente_hiperbolica:U2|     ; 153 (89)            ; 29 (29)                   ; 0                 ; 0          ; 0    ; 0            ; |top_tanh|derivada_tangente_hiperbolica:U2                                                                  ; derivada_tangente_hiperbolica ; work         ;
;       |lpm_clshift:lpm_clshift_component| ; 58 (0)              ; 0 (0)                     ; 0                 ; 0          ; 0    ; 0            ; |top_tanh|derivada_tangente_hiperbolica:U2|lpm_clshift:lpm_clshift_component                                ; lpm_clshift                   ; work         ;
;          |lpm_clshift_5lb:auto_generated| ; 58 (58)             ; 0 (0)                     ; 0                 ; 0          ; 0    ; 0            ; |top_tanh|derivada_tangente_hiperbolica:U2|lpm_clshift:lpm_clshift_component|lpm_clshift_5lb:auto_generated ; lpm_clshift_5lb               ; work         ;
;       |lpm_or:lpm_or_component|           ; 6 (6)               ; 0 (0)                     ; 0                 ; 0          ; 0    ; 0            ; |top_tanh|derivada_tangente_hiperbolica:U2|lpm_or:lpm_or_component                                          ; lpm_or                        ; work         ;
;    |tangente_hiperbolica:U1|              ; 123 (69)            ; 32 (32)                   ; 0                 ; 0          ; 0    ; 0            ; |top_tanh|tangente_hiperbolica:U1                                                                           ; tangente_hiperbolica          ; work         ;
;       |lpm_clshift:lpm_clshift_component| ; 54 (0)              ; 0 (0)                     ; 0                 ; 0          ; 0    ; 0            ; |top_tanh|tangente_hiperbolica:U1|lpm_clshift:lpm_clshift_component                                         ; lpm_clshift                   ; work         ;
;          |lpm_clshift_5lb:auto_generated| ; 54 (54)             ; 0 (0)                     ; 0                 ; 0          ; 0    ; 0            ; |top_tanh|tangente_hiperbolica:U1|lpm_clshift:lpm_clshift_component|lpm_clshift_5lb:auto_generated          ; lpm_clshift_5lb               ; work         ;
+-------------------------------------------+---------------------+---------------------------+-------------------+------------+------+--------------+-------------------------------------------------------------------------------------------------------------+-------------------------------+--------------+
Note: For table entries with two numbers listed, the numbers in parentheses indicate the number of resources of the given type used by the specific entity alone. The numbers listed outside of parentheses indicate the total resources of the given type used by the specific entity and all of its sub-entities in the hierarchy.


+----------------------------------------------------------------------------------------------------------+
; Registers Removed During Synthesis                                                                       ;
+------------------------------------------------+---------------------------------------------------------+
; Register name                                  ; Reason for Removal                                      ;
+------------------------------------------------+---------------------------------------------------------+
; derivada_tangente_hiperbolica:U2|result[30,31] ; Stuck at GND due to stuck port data_in                  ;
; derivada_tangente_hiperbolica:U2|result[29]    ; Merged with derivada_tangente_hiperbolica:U2|result[28] ;
; Total Number of Removed Registers = 3          ;                                                         ;
+------------------------------------------------+---------------------------------------------------------+


+------------------------------------------------------+
; General Register Statistics                          ;
+----------------------------------------------+-------+
; Statistic                                    ; Value ;
+----------------------------------------------+-------+
; Total registers                              ; 125   ;
; Number of registers using Synchronous Clear  ; 34    ;
; Number of registers using Synchronous Load   ; 38    ;
; Number of registers using Asynchronous Clear ; 32    ;
; Number of registers using Asynchronous Load  ; 0     ;
; Number of registers using Clock Enable       ; 123   ;
; Number of registers using Preset             ; 0     ;
+----------------------------------------------+-------+


+---------------------------------------------------------------------------------------------------------------------------------------------------------------------------------------------------------------------------------------+
; Multiplexer Restructuring Statistics (Restructuring Performed)                                                                                                                                                                        ;
+--------------------+-----------+---------------+----------------------+------------------------+------------+-------------------------------------------------------------------------------------------------------------------------+
; Multiplexer Inputs ; Bus Width ; Baseline Area ; Area if Restructured ; Saving if Restructured ; Registered ; Example Multiplexer Output                                                                                              ;
+--------------------+-----------+---------------+----------------------+------------------------+------------+-------------------------------------------------------------------------------------------------------------------------+
; 3:1                ; 2 bits    ; 4 LEs         ; 2 LEs                ; 2 LEs                  ; Yes        ; |top_tanh|readdata[30]~reg0                                                                                             ;
; 3:1                ; 30 bits   ; 60 LEs        ; 0 LEs                ; 60 LEs                 ; Yes        ; |top_tanh|readdata[2]~reg0                                                                                              ;
; 4:1                ; 8 bits    ; 16 LEs        ; 16 LEs               ; 0 LEs                  ; Yes        ; |top_tanh|tangente_hiperbolica:U1|SALIDA[24]                                                                            ;
; 8:1                ; 2 bits    ; 10 LEs        ; 10 LEs               ; 0 LEs                  ; Yes        ; |top_tanh|tangente_hiperbolica:U1|SALIDA[18]                                                                            ;
; 8:1                ; 16 bits   ; 80 LEs        ; 64 LEs               ; 16 LEs                 ; Yes        ; |top_tanh|tangente_hiperbolica:U1|SALIDA[16]                                                                            ;
; 10:1               ; 2 bits    ; 12 LEs        ; 8 LEs                ; 4 LEs                  ; Yes        ; |top_tanh|derivada_tangente_hiperbolica:U2|result[20]                                                                   ;
; 9:1                ; 2 bits    ; 12 LEs        ; 12 LEs               ; 0 LEs                  ; Yes        ; |top_tanh|tangente_hiperbolica:U1|SALIDA[1]                                                                             ;
; 11:1               ; 18 bits   ; 126 LEs       ; 54 LEs               ; 72 LEs                 ; Yes        ; |top_tanh|derivada_tangente_hiperbolica:U2|result[8]                                                                    ;
; 3:1                ; 2 bits    ; 4 LEs         ; 4 LEs                ; 0 LEs                  ; No         ; |top_tanh|derivada_tangente_hiperbolica:U2|lpm_clshift:lpm_clshift_component|lpm_clshift_5lb:auto_generated|sbit_w[117] ;
; 4:1                ; 20 bits   ; 40 LEs        ; 40 LEs               ; 0 LEs                  ; No         ; |top_tanh|derivada_tangente_hiperbolica:U2|lpm_clshift:lpm_clshift_component|lpm_clshift_5lb:auto_generated|sbit_w[116] ;
; 3:1                ; 3 bits    ; 6 LEs         ; 6 LEs                ; 0 LEs                  ; No         ; |top_tanh|derivada_tangente_hiperbolica:U2|lpm_clshift:lpm_clshift_component|lpm_clshift_5lb:auto_generated|sbit_w[198] ;
; 3:1                ; 3 bits    ; 6 LEs         ; 6 LEs                ; 0 LEs                  ; No         ; |top_tanh|derivada_tangente_hiperbolica:U2|lpm_clshift:lpm_clshift_component|lpm_clshift_5lb:auto_generated|sbit_w[216] ;
; 4:1                ; 8 bits    ; 16 LEs        ; 16 LEs               ; 0 LEs                  ; No         ; |top_tanh|derivada_tangente_hiperbolica:U2|lpm_clshift:lpm_clshift_component|lpm_clshift_5lb:auto_generated|sbit_w[202] ;
; 6:1                ; 5 bits    ; 20 LEs        ; 20 LEs               ; 0 LEs                  ; No         ; |top_tanh|tangente_hiperbolica:U1|lpm_clshift:lpm_clshift_component|lpm_clshift_5lb:auto_generated|sbit_w[318]          ;
+--------------------+-----------+---------------+----------------------+------------------------+------------+-------------------------------------------------------------------------------------------------------------------------+


+--------------------------------------------------------------------------+
; Parameter Settings for User Entity Instance: Top-level Entity: |top_tanh ;
+----------------+-------+-------------------------------------------------+
; Parameter Name ; Value ; Type                                            ;
+----------------+-------+-------------------------------------------------+
; pendiente      ; 1     ; Signed Integer                                  ;
+----------------+-------+-------------------------------------------------+
Note: In order to hide this table in the UI and the text report file, please set the "Show Parameter Settings in Synthesis Report" option in "Analysis and Synthesis Settings -> More Settings" to "Off".


+--------------------------------------------------------------------------------------------------------+
; Parameter Settings for User Entity Instance: tangente_hiperbolica:U1|LPM_CLSHIFT:lpm_clshift_component ;
+----------------+-----------------+---------------------------------------------------------------------+
; Parameter Name ; Value           ; Type                                                                ;
+----------------+-----------------+---------------------------------------------------------------------+
; LPM_PIPELINE   ; 0               ; Untyped                                                             ;
; LPM_SHIFTTYPE  ; LOGICAL         ; Untyped                                                             ;
; LPM_WIDTH      ; 47              ; Signed Integer                                                      ;
; LPM_WIDTHDIST  ; 6               ; Signed Integer                                                      ;
; CBXI_PARAMETER ; lpm_clshift_5lb ; Untyped                                                             ;
+----------------+-----------------+---------------------------------------------------------------------+
Note: In order to hide this table in the UI and the text report file, please set the "Show Parameter Settings in Synthesis Report" option in "Analysis and Synthesis Settings -> More Settings" to "Off".


+----------------------------------------------------------------------------------------------+
; Parameter Settings for User Entity Instance: tangente_hiperbolica:U1|LPM_OR:lpm_or_component ;
+------------------------+-----------+---------------------------------------------------------+
; Parameter Name         ; Value     ; Type                                                    ;
+------------------------+-----------+---------------------------------------------------------+
; AUTO_CARRY_CHAINS      ; ON        ; AUTO_CARRY                                              ;
; IGNORE_CARRY_BUFFERS   ; OFF       ; IGNORE_CARRY                                            ;
; AUTO_CASCADE_CHAINS    ; ON        ; AUTO_CASCADE                                            ;
; IGNORE_CASCADE_BUFFERS ; OFF       ; IGNORE_CASCADE                                          ;
; LPM_WIDTH              ; 1         ; Signed Integer                                          ;
; LPM_SIZE               ; 31        ; Signed Integer                                          ;
; CARRY_CHAIN_LENGTH     ; 48        ; CARRY_CHAIN_LENGTH                                      ;
; CARRY_CHAIN            ; MANUAL    ; Untyped                                                 ;
; CASCADE_CHAIN          ; MANUAL    ; Untyped                                                 ;
; DEVICE_FAMILY          ; Cyclone V ; Untyped                                                 ;
+------------------------+-----------+---------------------------------------------------------+
Note: In order to hide this table in the UI and the text report file, please set the "Show Parameter Settings in Synthesis Report" option in "Analysis and Synthesis Settings -> More Settings" to "Off".


+-----------------------------------------------------------------------------------------------------------------+
; Parameter Settings for User Entity Instance: derivada_tangente_hiperbolica:U2|LPM_CLSHIFT:lpm_clshift_component ;
+----------------+-----------------+------------------------------------------------------------------------------+
; Parameter Name ; Value           ; Type                                                                         ;
+----------------+-----------------+------------------------------------------------------------------------------+
; LPM_PIPELINE   ; 0               ; Untyped                                                                      ;
; LPM_SHIFTTYPE  ; LOGICAL         ; Untyped                                                                      ;
; LPM_WIDTH      ; 47              ; Signed Integer                                                               ;
; LPM_WIDTHDIST  ; 6               ; Signed Integer                                                               ;
; CBXI_PARAMETER ; lpm_clshift_5lb ; Untyped                                                                      ;
+----------------+-----------------+------------------------------------------------------------------------------+
Note: In order to hide this table in the UI and the text report file, please set the "Show Parameter Settings in Synthesis Report" option in "Analysis and Synthesis Settings -> More Settings" to "Off".


+-------------------------------------------------------------------------------------------------------+
; Parameter Settings for User Entity Instance: derivada_tangente_hiperbolica:U2|LPM_OR:lpm_or_component ;
+------------------------+-----------+------------------------------------------------------------------+
; Parameter Name         ; Value     ; Type                                                             ;
+------------------------+-----------+------------------------------------------------------------------+
; AUTO_CARRY_CHAINS      ; ON        ; AUTO_CARRY                                                       ;
; IGNORE_CARRY_BUFFERS   ; OFF       ; IGNORE_CARRY                                                     ;
; AUTO_CASCADE_CHAINS    ; ON        ; AUTO_CASCADE                                                     ;
; IGNORE_CASCADE_BUFFERS ; OFF       ; IGNORE_CASCADE                                                   ;
; LPM_WIDTH              ; 1         ; Signed Integer                                                   ;
; LPM_SIZE               ; 31        ; Signed Integer                                                   ;
; CARRY_CHAIN_LENGTH     ; 48        ; CARRY_CHAIN_LENGTH                                               ;
; CARRY_CHAIN            ; MANUAL    ; Untyped                                                          ;
; CASCADE_CHAIN          ; MANUAL    ; Untyped                                                          ;
; DEVICE_FAMILY          ; Cyclone V ; Untyped                                                          ;
+------------------------+-----------+------------------------------------------------------------------+
Note: In order to hide this table in the UI and the text report file, please set the "Show Parameter Settings in Synthesis Report" option in "Analysis and Synthesis Settings -> More Settings" to "Off".


+----------------------------------------------------------------------------------------------------------------+
; Port Connectivity Checks: "derivada_tangente_hiperbolica:U2"                                                   ;
+------+--------+----------+-------------------------------------------------------------------------------------+
; Port ; Type   ; Severity ; Details                                                                             ;
+------+--------+----------+-------------------------------------------------------------------------------------+
; done ; Output ; Info     ; Connected to dangling logic. Logic that only feeds a dangling port will be removed. ;
+------+--------+----------+-------------------------------------------------------------------------------------+


+----------------------------------------------------------------------------------------------------------------+
; Port Connectivity Checks: "tangente_hiperbolica:U1"                                                            ;
+------+--------+----------+-------------------------------------------------------------------------------------+
; Port ; Type   ; Severity ; Details                                                                             ;
+------+--------+----------+-------------------------------------------------------------------------------------+
; done ; Output ; Info     ; Connected to dangling logic. Logic that only feeds a dangling port will be removed. ;
+------+--------+----------+-------------------------------------------------------------------------------------+


+-----------------------------------------------------+
; Post-Synthesis Netlist Statistics for Top Partition ;
+-----------------------+-----------------------------+
; Type                  ; Count                       ;
+-----------------------+-----------------------------+
; arriav_ff             ; 125                         ;
;     ENA               ; 19                          ;
;     ENA CLR           ; 32                          ;
;     ENA SCLR          ; 34                          ;
;     ENA SLD           ; 38                          ;
;     plain             ; 2                           ;
; arriav_lcell_comb     ; 282                         ;
;     arith             ; 7                           ;
;         1 data inputs ; 7                           ;
;     extend            ; 1                           ;
;         7 data inputs ; 1                           ;
;     normal            ; 274                         ;
;         0 data inputs ; 1                           ;
;         2 data inputs ; 9                           ;
;         3 data inputs ; 29                          ;
;         4 data inputs ; 38                          ;
;         5 data inputs ; 55                          ;
;         6 data inputs ; 142                         ;
; boundary_port         ; 71                          ;
;                       ;                             ;
; Max LUT depth         ; 8.00                        ;
; Average LUT depth     ; 4.73                        ;
+-----------------------+-----------------------------+


+-------------------------------+
; Elapsed Time Per Partition    ;
+----------------+--------------+
; Partition Name ; Elapsed Time ;
+----------------+--------------+
; Top            ; 00:00:05     ;
+----------------+--------------+


+-------------------------------+
; Analysis & Synthesis Messages ;
+-------------------------------+
Info: *******************************************************************
Info: Running Quartus Prime Analysis & Synthesis
    Info: Version 17.1.0 Build 590 10/25/2017 SJ Lite Edition
    Info: Processing started: Tue Apr 19 20:47:38 2022
Info: Command: quartus_map --read_settings_files=on --write_settings_files=off tangente_PWL_hard -c tangente_PWL_hard
Warning (18236): Number of processors has not been specified which may cause overloading on shared machines.  Set the global assignment NUM_PARALLEL_PROCESSORS in your QSF to an appropriate value for best performance.
Info (20030): Parallel compilation is enabled and will use 2 of the 2 processors detected
Info (12021): Found 2 design units, including 1 entities, in source file top_tanh.vhd
    Info (12022): Found design unit 1: top_tanh-rtl File: C:/Users/jose_/Documents/UPV/MUISE_21_22/SID-Laboratories/Tarea3/tangente_PWL_vhd-1/top_tanh.vhd Line: 25
    Info (12023): Found entity 1: top_tanh File: C:/Users/jose_/Documents/UPV/MUISE_21_22/SID-Laboratories/Tarea3/tangente_PWL_vhd-1/top_tanh.vhd Line: 6
Info (12021): Found 2 design units, including 1 entities, in source file tangente_float_optima.vhd
    Info (12022): Found design unit 1: tangente_hiperbolica-MONOCICLO File: C:/Users/jose_/Documents/UPV/MUISE_21_22/SID-Laboratories/Tarea3/tangente_PWL_vhd-1/tangente_float_optima.vhd Line: 75
    Info (12023): Found entity 1: tangente_hiperbolica File: C:/Users/jose_/Documents/UPV/MUISE_21_22/SID-Laboratories/Tarea3/tangente_PWL_vhd-1/tangente_float_optima.vhd Line: 57
Info (12021): Found 2 design units, including 1 entities, in source file derivada_tangente_float_optima.vhd
    Info (12022): Found design unit 1: derivada_tangente_hiperbolica-MONOCICLO File: C:/Users/jose_/Documents/UPV/MUISE_21_22/SID-Laboratories/Tarea3/tangente_PWL_vhd-1/derivada_tangente_float_optima.vhd Line: 73
    Info (12023): Found entity 1: derivada_tangente_hiperbolica File: C:/Users/jose_/Documents/UPV/MUISE_21_22/SID-Laboratories/Tarea3/tangente_PWL_vhd-1/derivada_tangente_float_optima.vhd Line: 56
Info (12127): Elaborating entity "top_tanh" for the top level hierarchy
Info (12128): Elaborating entity "tangente_hiperbolica" for hierarchy "tangente_hiperbolica:U1" File: C:/Users/jose_/Documents/UPV/MUISE_21_22/SID-Laboratories/Tarea3/tangente_PWL_vhd-1/top_tanh.vhd Line: 65
Warning (10445): VHDL Subtype or Type Declaration warning at tangente_float_optima.vhd(286): subtype or type has null range File: C:/Users/jose_/Documents/UPV/MUISE_21_22/SID-Laboratories/Tarea3/tangente_PWL_vhd-1/tangente_float_optima.vhd Line: 286
Warning (10296): VHDL warning at tangente_float_optima.vhd(286): ignored assignment of value to null range File: C:/Users/jose_/Documents/UPV/MUISE_21_22/SID-Laboratories/Tarea3/tangente_PWL_vhd-1/tangente_float_optima.vhd Line: 286
Info (12128): Elaborating entity "LPM_CLSHIFT" for hierarchy "tangente_hiperbolica:U1|LPM_CLSHIFT:lpm_clshift_component" File: C:/Users/jose_/Documents/UPV/MUISE_21_22/SID-Laboratories/Tarea3/tangente_PWL_vhd-1/tangente_float_optima.vhd Line: 178
Info (12130): Elaborated megafunction instantiation "tangente_hiperbolica:U1|LPM_CLSHIFT:lpm_clshift_component" File: C:/Users/jose_/Documents/UPV/MUISE_21_22/SID-Laboratories/Tarea3/tangente_PWL_vhd-1/tangente_float_optima.vhd Line: 178
Info (12133): Instantiated megafunction "tangente_hiperbolica:U1|LPM_CLSHIFT:lpm_clshift_component" with the following parameter: File: C:/Users/jose_/Documents/UPV/MUISE_21_22/SID-Laboratories/Tarea3/tangente_PWL_vhd-1/tangente_float_optima.vhd Line: 178
    Info (12134): Parameter "LPM_WIDTH" = "47"
    Info (12134): Parameter "LPM_WIDTHDIST" = "6"
    Info (12134): Parameter "LPM_SHIFTTYPE" = "LOGICAL"
    Info (12134): Parameter "LPM_TYPE" = "LPM_CLSHIFT"
    Info (12134): Parameter "LPM_HINT" = "UNUSED"
Info (12021): Found 1 design units, including 1 entities, in source file db/lpm_clshift_5lb.tdf
    Info (12023): Found entity 1: lpm_clshift_5lb File: C:/Users/jose_/Documents/UPV/MUISE_21_22/SID-Laboratories/Tarea3/tangente_PWL_vhd-1/db/lpm_clshift_5lb.tdf Line: 22
Info (12128): Elaborating entity "lpm_clshift_5lb" for hierarchy "tangente_hiperbolica:U1|LPM_CLSHIFT:lpm_clshift_component|lpm_clshift_5lb:auto_generated" File: c:/intelfpga_lite/17.1/quartus/libraries/megafunctions/lpm_clshift.tdf Line: 53
Info (12128): Elaborating entity "LPM_OR" for hierarchy "tangente_hiperbolica:U1|LPM_OR:lpm_or_component" File: C:/Users/jose_/Documents/UPV/MUISE_21_22/SID-Laboratories/Tarea3/tangente_PWL_vhd-1/tangente_float_optima.vhd Line: 198
Info (12130): Elaborated megafunction instantiation "tangente_hiperbolica:U1|LPM_OR:lpm_or_component" File: C:/Users/jose_/Documents/UPV/MUISE_21_22/SID-Laboratories/Tarea3/tangente_PWL_vhd-1/tangente_float_optima.vhd Line: 198
Info (12133): Instantiated megafunction "tangente_hiperbolica:U1|LPM_OR:lpm_or_component" with the following parameter: File: C:/Users/jose_/Documents/UPV/MUISE_21_22/SID-Laboratories/Tarea3/tangente_PWL_vhd-1/tangente_float_optima.vhd Line: 198
    Info (12134): Parameter "LPM_WIDTH" = "1"
    Info (12134): Parameter "LPM_SIZE" = "31"
    Info (12134): Parameter "LPM_TYPE" = "LPM_OR"
    Info (12134): Parameter "LPM_HINT" = "UNUSED"
Info (12128): Elaborating entity "derivada_tangente_hiperbolica" for hierarchy "derivada_tangente_hiperbolica:U2" File: C:/Users/jose_/Documents/UPV/MUISE_21_22/SID-Laboratories/Tarea3/tangente_PWL_vhd-1/top_tanh.vhd Line: 74
Warning (10036): Verilog HDL or VHDL warning at derivada_tangente_float_optima.vhd(123): object "s" assigned a value but never read File: C:/Users/jose_/Documents/UPV/MUISE_21_22/SID-Laboratories/Tarea3/tangente_PWL_vhd-1/derivada_tangente_float_optima.vhd Line: 123
Warning (10036): Verilog HDL or VHDL warning at derivada_tangente_float_optima.vhd(145): object "e_div_1" assigned a value but never read File: C:/Users/jose_/Documents/UPV/MUISE_21_22/SID-Laboratories/Tarea3/tangente_PWL_vhd-1/derivada_tangente_float_optima.vhd Line: 145
Warning (10445): VHDL Subtype or Type Declaration warning at derivada_tangente_float_optima.vhd(303): subtype or type has null range File: C:/Users/jose_/Documents/UPV/MUISE_21_22/SID-Laboratories/Tarea3/tangente_PWL_vhd-1/derivada_tangente_float_optima.vhd Line: 303
Warning (10296): VHDL warning at derivada_tangente_float_optima.vhd(303): ignored assignment of value to null range File: C:/Users/jose_/Documents/UPV/MUISE_21_22/SID-Laboratories/Tarea3/tangente_PWL_vhd-1/derivada_tangente_float_optima.vhd Line: 303
Info (286030): Timing-Driven Synthesis is running
Info (16010): Generating hard_block partition "hard_block:auto_generated_inst"
    Info (16011): Adding 0 node(s), including 0 DDIO, 0 PLL, 0 transceiver and 0 LCELL
Info (21057): Implemented 424 device resources after synthesis - the final resource count might be different
    Info (21058): Implemented 39 input pins
    Info (21059): Implemented 32 output pins
    Info (21061): Implemented 353 logic cells
Info: Quartus Prime Analysis & Synthesis was successful. 0 errors, 7 warnings
    Info: Peak virtual memory: 4866 megabytes
    Info: Processing ended: Tue Apr 19 20:48:09 2022
    Info: Elapsed time: 00:00:31
    Info: Total CPU time (on all processors): 00:00:41


