Flow report for tecnica3
Mon May 02 10:04:40 2022
Quartus Prime Version 17.1.1 Internal Build 593 12/11/2017 SJ Standard Edition


---------------------
; Table of Contents ;
---------------------
  1. Legal Notice
  2. Flow Summary
  3. Flow Settings
  4. Flow Non-Default Global Settings
  5. Flow Elapsed Time
  6. Flow OS Summary
  7. Flow Log
  8. Flow Messages
  9. Flow Suppressed Messages



----------------
; Legal Notice ;
----------------
Copyright (C) 2017  Intel Corporation. All rights reserved.
Your use of Intel Corporation's design tools, logic functions 
and other software and tools, and its AMPP partner logic 
functions, and any output files from any of the foregoing 
(including device programming or simulation files), and any 
associated documentation or information are expressly subject 
to the terms and conditions of the Intel Program License 
Subscription Agreement, the Intel Quartus Prime License Agreement,
the Intel FPGA IP License Agreement, or other applicable license
agreement, including, without limitation, that your use is for
the sole purpose of programming logic devices manufactured by
Intel and sold by Intel or its authorized distributors.  Please
refer to the applicable agreement for further details.



+--------------------------------------------------------------------------------------------+
; Flow Summary                                                                               ;
+---------------------------------+----------------------------------------------------------+
; Flow Status                     ; Successful - Mon May 02 10:04:14 2022                    ;
; Quartus Prime Version           ; 17.1.1 Internal Build 593 12/11/2017 SJ Standard Edition ;
; Revision Name                   ; tecnica3                                                 ;
; Top-level Entity Name           ; tecnica3                                                 ;
; Family                          ; Cyclone V                                                ;
; Device                          ; 5CSEMA5F31C6                                             ;
; Timing Models                   ; Final                                                    ;
; Logic utilization (in ALMs)     ; 2,929 / 32,070 ( 9 % )                                   ;
; Total registers                 ; 4451                                                     ;
; Total pins                      ; 235 / 457 ( 51 % )                                       ;
; Total virtual pins              ; 0                                                        ;
; Total block memory bits         ; 88,048 / 4,065,280 ( 2 % )                               ;
; Total DSP Blocks                ; 3 / 87 ( 3 % )                                           ;
; Total HSSI RX PCSs              ; 0                                                        ;
; Total HSSI PMA RX Deserializers ; 0                                                        ;
; Total HSSI TX PCSs              ; 0                                                        ;
; Total HSSI PMA TX Serializers   ; 0                                                        ;
; Total PLLs                      ; 1 / 6 ( 17 % )                                           ;
; Total DLLs                      ; 0 / 4 ( 0 % )                                            ;
+---------------------------------+----------------------------------------------------------+


+-----------------------------------------+
; Flow Settings                           ;
+-------------------+---------------------+
; Option            ; Setting             ;
+-------------------+---------------------+
; Start date & time ; 05/02/2022 09:59:21 ;
; Main task         ; Compilation         ;
; Revision Name     ; tecnica3            ;
+-------------------+---------------------+


+----------------------------------------------------------------------------------------------------------------------------------------------------------------------------+
; Flow Non-Default Global Settings                                                                                                                                           ;
+---------------------------------------------------+--------------------------------------------------------------------+---------------+----------------------+------------+
; Assignment Name                                   ; Value                                                              ; Default Value ; Entity Name          ; Section Id ;
+---------------------------------------------------+--------------------------------------------------------------------+---------------+----------------------+------------+
; COMPILER_SIGNATURE_ID                             ; 242211430917466.165147836112404                                    ; --            ; --                   ; --         ;
; FITTER_EFFORT                                     ; Standard Fit                                                       ; Auto Fit      ; --                   ; --         ;
; MAX_CORE_JUNCTION_TEMP                            ; 85                                                                 ; --            ; --                   ; --         ;
; MIN_CORE_JUNCTION_TEMP                            ; 0                                                                  ; --            ; --                   ; --         ;
; MISC_FILE                                         ; nios_system_tec3/synthesis/../nios_system_tec3.cmp                 ; --            ; --                   ; --         ;
; MISC_FILE                                         ; nios_system_tec3/synthesis/../../nios_system_tec3.qsys             ; --            ; --                   ; --         ;
; OPTIMIZATION_MODE                                 ; High Performance Effort                                            ; Balanced      ; --                   ; --         ;
; OUTPUT_IO_TIMING_FAR_END_VMEAS                    ; Half Signal Swing                                                  ; --            ; --                   ; --         ;
; OUTPUT_IO_TIMING_FAR_END_VMEAS                    ; Half Signal Swing                                                  ; --            ; --                   ; --         ;
; OUTPUT_IO_TIMING_NEAR_END_VMEAS                   ; Half Vccio                                                         ; --            ; --                   ; --         ;
; OUTPUT_IO_TIMING_NEAR_END_VMEAS                   ; Half Vccio                                                         ; --            ; --                   ; --         ;
; PARTITION_COLOR                                   ; -- (Not supported for targeted family)                             ; --            ; DE1_SoC_MTL2_PAINTER ; Top        ;
; PARTITION_COLOR                                   ; -- (Not supported for targeted family)                             ; --            ; --                   ; Top        ;
; PARTITION_FITTER_PRESERVATION_LEVEL               ; -- (Not supported for targeted family)                             ; --            ; DE1_SoC_MTL2_PAINTER ; Top        ;
; PARTITION_FITTER_PRESERVATION_LEVEL               ; -- (Not supported for targeted family)                             ; --            ; --                   ; Top        ;
; PARTITION_NETLIST_TYPE                            ; -- (Not supported for targeted family)                             ; --            ; DE1_SoC_MTL2_PAINTER ; Top        ;
; PARTITION_NETLIST_TYPE                            ; -- (Not supported for targeted family)                             ; --            ; --                   ; Top        ;
; PHYSICAL_SYNTHESIS_ASYNCHRONOUS_SIGNAL_PIPELINING ; On                                                                 ; Off           ; --                   ; --         ;
; PHYSICAL_SYNTHESIS_COMBO_LOGIC                    ; On                                                                 ; Off           ; --                   ; --         ;
; PHYSICAL_SYNTHESIS_REGISTER_DUPLICATION           ; On                                                                 ; Off           ; --                   ; --         ;
; PHYSICAL_SYNTHESIS_REGISTER_RETIMING              ; On                                                                 ; Off           ; --                   ; --         ;
; PLACEMENT_EFFORT_MULTIPLIER                       ; 4.0                                                                ; 1.0           ; --                   ; --         ;
; POWER_BOARD_THERMAL_MODEL                         ; None (CONSERVATIVE)                                                ; --            ; --                   ; --         ;
; POWER_PRESET_COOLING_SOLUTION                     ; 23 MM HEAT SINK WITH 200 LFPM AIRFLOW                              ; --            ; --                   ; --         ;
; PROJECT_OUTPUT_DIRECTORY                          ; output_files                                                       ; --            ; --                   ; --         ;
; ROUTER_TIMING_OPTIMIZATION_LEVEL                  ; MAXIMUM                                                            ; Normal        ; --                   ; --         ;
; SLD_FILE                                          ; nios_system_tec3/synthesis/nios_system_tec3.regmap                 ; --            ; --                   ; --         ;
; SLD_FILE                                          ; nios_system_tec3/synthesis/nios_system_tec3.debuginfo              ; --            ; --                   ; --         ;
; SLD_INFO                                          ; QSYS_NAME nios_system_tec3 HAS_SOPCINFO 1 GENERATION_ID 1651460953 ; --            ; nios_system_tec3     ; --         ;
; SOPCINFO_FILE                                     ; nios_system_tec3/synthesis/../../nios_system_tec3.sopcinfo         ; --            ; --                   ; --         ;
; SYNTHESIS_ONLY_QIP                                ; On                                                                 ; --            ; --                   ; --         ;
; VHDL_SHOW_LMF_MAPPING_MESSAGES                    ; On                                                                 ; --            ; --                   ; --         ;
+---------------------------------------------------+--------------------------------------------------------------------+---------------+----------------------+------------+


+-------------------------------------------------------------------------------------------------------------------------------+
; Flow Elapsed Time                                                                                                             ;
+---------------------------+--------------+-------------------------+---------------------+------------------------------------+
; Module Name               ; Elapsed Time ; Average Processors Used ; Peak Virtual Memory ; Total CPU Time (on all processors) ;
+---------------------------+--------------+-------------------------+---------------------+------------------------------------+
; Analysis & Synthesis      ; 00:01:12     ; 1.0                     ; 5121 MB             ; 00:01:34                           ;
; Fitter                    ; 00:03:00     ; 1.2                     ; 7147 MB             ; 00:06:59                           ;
; Assembler                 ; 00:00:30     ; 1.0                     ; 4899 MB             ; 00:00:16                           ;
; TimeQuest Timing Analyzer ; 00:00:25     ; 1.8                     ; 5421 MB             ; 00:00:38                           ;
; Total                     ; 00:05:07     ; --                      ; --                  ; 00:09:27                           ;
+---------------------------+--------------+-------------------------+---------------------+------------------------------------+


+-----------------------------------------------------------------------------------------+
; Flow OS Summary                                                                         ;
+---------------------------+------------------+------------+------------+----------------+
; Module Name               ; Machine Hostname ; OS Name    ; OS Version ; Processor type ;
+---------------------------+------------------+------------+------------+----------------+
; Analysis & Synthesis      ; labpro01         ; Windows 10 ; 10.0       ; x86_64         ;
; Fitter                    ; labpro01         ; Windows 10 ; 10.0       ; x86_64         ;
; Assembler                 ; labpro01         ; Windows 10 ; 10.0       ; x86_64         ;
; TimeQuest Timing Analyzer ; labpro01         ; Windows 10 ; 10.0       ; x86_64         ;
+---------------------------+------------------+------------+------------+----------------+


------------
; Flow Log ;
------------
quartus_map --read_settings_files=on --write_settings_files=off tarea_aceleracion -c tecnica3
quartus_fit --read_settings_files=off --write_settings_files=off tarea_aceleracion -c tecnica3
quartus_asm --read_settings_files=off --write_settings_files=off tarea_aceleracion -c tecnica3
quartus_sta tarea_aceleracion -c tecnica3



