Flow report for funcion_d_tanh
Mon May 02 10:50:04 2022
Quartus Prime Version 17.1.1 Internal Build 593 12/11/2017 SJ Standard Edition


---------------------
; Table of Contents ;
---------------------
  1. Legal Notice
  2. Flow Summary
  3. Flow Settings
  4. Flow Non-Default Global Settings
  5. Flow Elapsed Time
  6. Flow OS Summary
  7. Flow Log
  8. Flow Messages
  9. Flow Suppressed Messages



----------------
; Legal Notice ;
----------------
Copyright (C) 2017  Intel Corporation. All rights reserved.
Your use of Intel Corporation's design tools, logic functions 
and other software and tools, and its AMPP partner logic 
functions, and any output files from any of the foregoing 
(including device programming or simulation files), and any 
associated documentation or information are expressly subject 
to the terms and conditions of the Intel Program License 
Subscription Agreement, the Intel Quartus Prime License Agreement,
the Intel FPGA IP License Agreement, or other applicable license
agreement, including, without limitation, that your use is for
the sole purpose of programming logic devices manufactured by
Intel and sold by Intel or its authorized distributors.  Please
refer to the applicable agreement for further details.



+--------------------------------------------------------------------------------------------+
; Flow Summary                                                                               ;
+---------------------------------+----------------------------------------------------------+
; Flow Status                     ; Successful - Mon May 02 10:50:04 2022                    ;
; Quartus Prime Version           ; 17.1.1 Internal Build 593 12/11/2017 SJ Standard Edition ;
; Revision Name                   ; funcion_d_tanh                                           ;
; Top-level Entity Name           ; d_tanh_mem_9k                                            ;
; Family                          ; Cyclone V                                                ;
; Device                          ; 5CSEMA5F31C6                                             ;
; Timing Models                   ; Final                                                    ;
; Logic utilization (in ALMs)     ; 173 / 32,070 ( < 1 % )                                   ;
; Total registers                 ; 38                                                       ;
; Total pins                      ; 65 / 457 ( 14 % )                                        ;
; Total virtual pins              ; 0                                                        ;
; Total block memory bits         ; 10,240 / 4,065,280 ( < 1 % )                             ;
; Total DSP Blocks                ; 0 / 87 ( 0 % )                                           ;
; Total HSSI RX PCSs              ; 0                                                        ;
; Total HSSI PMA RX Deserializers ; 0                                                        ;
; Total HSSI TX PCSs              ; 0                                                        ;
; Total HSSI PMA TX Serializers   ; 0                                                        ;
; Total PLLs                      ; 0 / 6 ( 0 % )                                            ;
; Total DLLs                      ; 0 / 4 ( 0 % )                                            ;
+---------------------------------+----------------------------------------------------------+


+-----------------------------------------+
; Flow Settings                           ;
+-------------------+---------------------+
; Option            ; Setting             ;
+-------------------+---------------------+
; Start date & time ; 05/02/2022 10:48:48 ;
; Main task         ; Compilation         ;
; Revision Name     ; funcion_d_tanh      ;
+-------------------+---------------------+


+---------------------------------------------------------------------------------------------------------------------------------------+
; Flow Non-Default Global Settings                                                                                                      ;
+--------------------------------------+----------------------------------------------+----------------+---------------+----------------+
; Assignment Name                      ; Value                                        ; Default Value  ; Entity Name   ; Section Id     ;
+--------------------------------------+----------------------------------------------+----------------+---------------+----------------+
; ALLOW_ANY_RAM_SIZE_FOR_RECOGNITION   ; On                                           ; Off            ; --            ; --             ;
; ALLOW_ANY_ROM_SIZE_FOR_RECOGNITION   ; On                                           ; Off            ; --            ; --             ;
; COMPILER_SIGNATURE_ID                ; 242211430917466.165148132802616              ; --             ; --            ; --             ;
; EDA_DESIGN_INSTANCE_NAME             ; tanh_mem_9k                                  ; --             ; --            ; tanh_tb        ;
; EDA_NATIVELINK_SIMULATION_TEST_BENCH ; tanh_tb                                      ; --             ; --            ; eda_simulation ;
; EDA_OUTPUT_DATA_FORMAT               ; Systemverilog Hdl                            ; --             ; --            ; eda_simulation ;
; EDA_SIMULATION_RUN_SCRIPT            ; simulation/modelsim/scrip_referencia_vhdl.do ; --             ; --            ; eda_simulation ;
; EDA_SIMULATION_TOOL                  ; ModelSim-Altera (SystemVerilog)              ; <None>         ; --            ; --             ;
; EDA_TEST_BENCH_ENABLE_STATUS         ; TEST_BENCH_MODE                              ; --             ; --            ; eda_simulation ;
; EDA_TEST_BENCH_FILE                  ; simulation/modelsim/tanh_tb.v                ; --             ; --            ; tanh_tb        ;
; EDA_TEST_BENCH_MODULE_NAME           ; tanh_tb                                      ; --             ; --            ; tanh_tb        ;
; EDA_TEST_BENCH_NAME                  ; tanh_tb                                      ; --             ; --            ; eda_simulation ;
; EDA_TIME_SCALE                       ; 1 ps                                         ; --             ; --            ; eda_simulation ;
; MAX_CORE_JUNCTION_TEMP               ; 85                                           ; --             ; --            ; --             ;
; MIN_CORE_JUNCTION_TEMP               ; 0                                            ; --             ; --            ; --             ;
; PARTITION_COLOR                      ; -- (Not supported for targeted family)       ; --             ; d_tanh_mem_9k ; Top            ;
; PARTITION_FITTER_PRESERVATION_LEVEL  ; -- (Not supported for targeted family)       ; --             ; d_tanh_mem_9k ; Top            ;
; PARTITION_NETLIST_TYPE               ; -- (Not supported for targeted family)       ; --             ; d_tanh_mem_9k ; Top            ;
; POWER_BOARD_THERMAL_MODEL            ; None (CONSERVATIVE)                          ; --             ; --            ; --             ;
; POWER_PRESET_COOLING_SOLUTION        ; 23 MM HEAT SINK WITH 200 LFPM AIRFLOW        ; --             ; --            ; --             ;
; PROJECT_OUTPUT_DIRECTORY             ; output_files                                 ; --             ; --            ; --             ;
; SEARCH_PATH                          ; simulation/modelsim/                         ; --             ; --            ; --             ;
; TOP_LEVEL_ENTITY                     ; d_tanh_mem_9k                                ; funcion_d_tanh ; --            ; --             ;
; VHDL_SHOW_LMF_MAPPING_MESSAGES       ; Off                                          ; --             ; --            ; --             ;
+--------------------------------------+----------------------------------------------+----------------+---------------+----------------+


+-------------------------------------------------------------------------------------------------------------------------------+
; Flow Elapsed Time                                                                                                             ;
+---------------------------+--------------+-------------------------+---------------------+------------------------------------+
; Module Name               ; Elapsed Time ; Average Processors Used ; Peak Virtual Memory ; Total CPU Time (on all processors) ;
+---------------------------+--------------+-------------------------+---------------------+------------------------------------+
; Analysis & Synthesis      ; 00:00:16     ; 1.0                     ; 4878 MB             ; 00:00:29                           ;
; Fitter                    ; 00:00:42     ; 1.0                     ; 6721 MB             ; 00:01:27                           ;
; Assembler                 ; 00:00:06     ; 1.0                     ; 4834 MB             ; 00:00:06                           ;
; TimeQuest Timing Analyzer ; 00:00:06     ; 1.1                     ; 5168 MB             ; 00:00:07                           ;
; EDA Netlist Writer        ; 00:00:02     ; 1.0                     ; 4743 MB             ; 00:00:02                           ;
; Total                     ; 00:01:12     ; --                      ; --                  ; 00:02:11                           ;
+---------------------------+--------------+-------------------------+---------------------+------------------------------------+


+-----------------------------------------------------------------------------------------+
; Flow OS Summary                                                                         ;
+---------------------------+------------------+------------+------------+----------------+
; Module Name               ; Machine Hostname ; OS Name    ; OS Version ; Processor type ;
+---------------------------+------------------+------------+------------+----------------+
; Analysis & Synthesis      ; labpro01         ; Windows 10 ; 10.0       ; x86_64         ;
; Fitter                    ; labpro01         ; Windows 10 ; 10.0       ; x86_64         ;
; Assembler                 ; labpro01         ; Windows 10 ; 10.0       ; x86_64         ;
; TimeQuest Timing Analyzer ; labpro01         ; Windows 10 ; 10.0       ; x86_64         ;
; EDA Netlist Writer        ; labpro01         ; Windows 10 ; 10.0       ; x86_64         ;
+---------------------------+------------------+------------+------------+----------------+


------------
; Flow Log ;
------------
quartus_map --read_settings_files=on --write_settings_files=off funcion_d_tanh -c funcion_d_tanh
quartus_fit --read_settings_files=off --write_settings_files=off funcion_d_tanh -c funcion_d_tanh
quartus_asm --read_settings_files=off --write_settings_files=off funcion_d_tanh -c funcion_d_tanh
quartus_sta funcion_d_tanh -c funcion_d_tanh
quartus_eda --read_settings_files=off --write_settings_files=off funcion_d_tanh -c funcion_d_tanh



