11:12:01 **** Incremental Build of configuration Nios II for project comm_task ****
make all 
Info: Building ../comm_task_bsp/
C:/intelFPGA/17.1/nios2eds/bin/gnu/H-x86_64-mingw32/bin/make --no-print-directory -C ../comm_task_bsp/
[BSP build complete]
Info: Compiling ucosii_tutorial.c to obj/default/ucosii_tutorial.o
nios2-elf-gcc -xc -MP -MMD -c -I../comm_task_bsp//UCOSII/inc -I../comm_task_bsp//HAL/inc -I../comm_task_bsp/ -I../comm_task_bsp//drivers/inc  -pipe -D__hal__ -DALT_NO_INSTRUCTION_EMULATION -D__ucosii__    -O0 -g -Wall   -mno-hw-div -mhw-mul -mno-hw-mulx -mgpopt=global  -o obj/default/ucosii_tutorial.o ucosii_tutorial.c
ucosii_tutorial.c: In function 'receive_task1':
ucosii_tutorial.c:180:11: warning: variable 'msg' set but not used [-Wunused-but-set-variable]
   INT32U *msg;
           ^
ucosii_tutorial.c: In function 'receive_task2':
ucosii_tutorial.c:194:11: warning: variable 'msg' set but not used [-Wunused-but-set-variable]
   INT32U *msg;
           ^
Info: Linking comm_task.elf
nios2-elf-g++  -T'../comm_task_bsp//linker.x' -msys-crt0='../comm_task_bsp//obj/HAL/src/crt0.o' -msys-lib=ucosii_bsp -L../comm_task_bsp/   -Wl,-Map=comm_task.map   -O0 -g -Wall   -mno-hw-div -mhw-mul -mno-hw-mulx -mgpopt=global  -o comm_task.elf obj/default/alt_ucosii_simple_error_check.o obj/default/ucosii_tutorial.o -lm -msys-lib=m
nios2-elf-insert comm_task.elf --thread_model ucosii --cpu_name cpu --qsys true --simulation_enabled false --id 0 --sidp 0x10001040 --timestamp 1605123295 --stderr_dev jtag_uart --stdin_dev jtag_uart --stdout_dev jtag_uart --sopc_system_name nios_system_pwm_rtos --quartus_project_dir "C:/Users/jororoc/Documents/QDesign/Tarea4_1" --jdi ../..//output_files/DE2_115_Media_Computer.jdi --sopcinfo C:/Users/jororoc/Documents/QDesign/Tarea4_1/Software/comm_task_bsp/../../nios_system_pwm_rtos.sopcinfo
Info: (comm_task.elf) 191 KBytes program size (code + initialized data).
Info:                 130872 KBytes free for stack + heap.
Info: Creating comm_task.objdump
nios2-elf-objdump --disassemble --syms --all-header --source comm_task.elf >comm_task.objdump
[comm_task build complete]

11:12:04 Build Finished (took 2s.643ms)

