13:05:46 **** Incremental Build of configuration Nios II for project Stats_MTL ****
make all 
Info: Building ../Stats_MTL_bsp/
C:/intelFPGA/17.1/nios2eds/bin/gnu/H-x86_64-mingw32/bin/make --no-print-directory -C ../Stats_MTL_bsp/
[BSP build complete]
Info: Compiling ucosii_stat_MTL_2020.c to obj/default/ucosii_stat_MTL_2020.o
nios2-elf-gcc -xc -MP -MMD -c -I../Stats_MTL_bsp//UCOSII/inc -I../Stats_MTL_bsp//HAL/inc -I../Stats_MTL_bsp/ -I../Stats_MTL_bsp//drivers/inc  -pipe -D__hal__ -DALT_NO_INSTRUCTION_EMULATION -D__ucosii__    -O0 -g -Wall   -mno-hw-div -mhw-mul -mno-hw-mulx -mgpopt=global  -o obj/default/ucosii_stat_MTL_2020.o ucosii_stat_MTL_2020.c
Info: Linking Stats_MTL.elf
nios2-elf-g++  -T'../Stats_MTL_bsp//linker.x' -msys-crt0='../Stats_MTL_bsp//obj/HAL/src/crt0.o' -msys-lib=ucosii_bsp -L../Stats_MTL_bsp/   -Wl,-Map=Stats_MTL.map   -O0 -g -Wall   -mno-hw-div -mhw-mul -mno-hw-mulx -mgpopt=global  -o Stats_MTL.elf obj/default/alt_ucosii_simple_error_check.o obj/default/ucosii_stat_MTL_2020.o -lm -msys-lib=m
nios2-elf-insert Stats_MTL.elf --thread_model ucosii --cpu_name cpu --qsys true --simulation_enabled false --id 0 --sidp 0x10001040 --timestamp 1605123295 --stderr_dev jtag_uart --stdin_dev jtag_uart --stdout_dev jtag_uart --sopc_system_name nios_system_pwm_rtos --quartus_project_dir "C:/Users/jororoc/Documents/QDesign/Tarea4" --jdi ../..//output_files/DE2_115_Media_Computer.jdi --sopcinfo C:/Users/jororoc/Documents/QDesign/Tarea4/Software/Stats_MTL_bsp/../../nios_system_pwm_rtos.sopcinfo
Info: (Stats_MTL.elf) 197 KBytes program size (code + initialized data).
Info:                 130865 KBytes free for stack + heap.
Info: Creating Stats_MTL.objdump
nios2-elf-objdump --disassemble --syms --all-header --source Stats_MTL.elf >Stats_MTL.objdump
[Stats_MTL build complete]
13:05:57 **** Build of configuration Nios II for project Stats_MTL ****
make all 
Info: Building ../Stats_MTL_bsp/
C:/intelFPGA/17.1/nios2eds/bin/gnu/H-x86_64-mingw32/bin/make --no-print-directory -C ../Stats_MTL_bsp/
[BSP build complete]
[Stats_MTL build complete]
13:05:59 **** Incremental Build of configuration Nios II for project Stats_MTL ****
make all 
Info: Building ../Stats_MTL_bsp/
C:/intelFPGA/17.1/nios2eds/bin/gnu/H-x86_64-mingw32/bin/make --no-print-directory -C ../Stats_MTL_bsp/
[BSP build complete]
[Stats_MTL build complete]
