Analysis & Synthesis report for sigmoides
Mon Apr 11 12:43:53 2022
Quartus Prime Version 17.1.1 Internal Build 593 12/11/2017 SJ Standard Edition


---------------------
; Table of Contents ;
---------------------
  1. Legal Notice
  2. Analysis & Synthesis Summary
  3. Analysis & Synthesis Settings
  4. Parallel Compilation
  5. Analysis & Synthesis Source Files Read
  6. Analysis & Synthesis Resource Usage Summary
  7. Analysis & Synthesis Resource Utilization by Entity
  8. Registers Removed During Synthesis
  9. General Register Statistics
 10. Multiplexer Restructuring Statistics (Restructuring Performed)
 11. Parameter Settings for User Entity Instance: Top-level Entity: |top_tanh
 12. Parameter Settings for User Entity Instance: tangente_hiperbolica:U1|LPM_CLSHIFT:lpm_clshift_component
 13. Parameter Settings for User Entity Instance: tangente_hiperbolica:U1|LPM_OR:lpm_or_component
 14. Parameter Settings for User Entity Instance: derivada_tangente_hiperbolica:U2|LPM_CLSHIFT:lpm_clshift_component
 15. Parameter Settings for User Entity Instance: derivada_tangente_hiperbolica:U2|LPM_OR:lpm_or_component
 16. Port Connectivity Checks: "derivada_tangente_hiperbolica:U2"
 17. Port Connectivity Checks: "tangente_hiperbolica:U1"
 18. Post-Synthesis Netlist Statistics for Top Partition
 19. Elapsed Time Per Partition
 20. Analysis & Synthesis Messages



----------------
; Legal Notice ;
----------------
Copyright (C) 2017  Intel Corporation. All rights reserved.
Your use of Intel Corporation's design tools, logic functions 
and other software and tools, and its AMPP partner logic 
functions, and any output files from any of the foregoing 
(including device programming or simulation files), and any 
associated documentation or information are expressly subject 
to the terms and conditions of the Intel Program License 
Subscription Agreement, the Intel Quartus Prime License Agreement,
the Intel FPGA IP License Agreement, or other applicable license
agreement, including, without limitation, that your use is for
the sole purpose of programming logic devices manufactured by
Intel and sold by Intel or its authorized distributors.  Please
refer to the applicable agreement for further details.



+-----------------------------------------------------------------------------------------------+
; Analysis & Synthesis Summary                                                                  ;
+------------------------------------+----------------------------------------------------------+
; Analysis & Synthesis Status        ; Successful - Mon Apr 11 12:43:53 2022                    ;
; Quartus Prime Version              ; 17.1.1 Internal Build 593 12/11/2017 SJ Standard Edition ;
; Revision Name                      ; sigmoides                                                ;
; Top-level Entity Name              ; top_tanh                                                 ;
; Family                             ; Cyclone IV E                                             ;
; Total logic elements               ; 478                                                      ;
;     Total combinational functions  ; 445                                                      ;
;     Dedicated logic registers      ; 125                                                      ;
; Total registers                    ; 125                                                      ;
; Total pins                         ; 71                                                       ;
; Total virtual pins                 ; 0                                                        ;
; Total memory bits                  ; 0                                                        ;
; Embedded Multiplier 9-bit elements ; 0                                                        ;
; Total PLLs                         ; 0                                                        ;
+------------------------------------+----------------------------------------------------------+


+----------------------------------------------------------------------------------------------------------------------+
; Analysis & Synthesis Settings                                                                                        ;
+----------------------------------------------------------------------------+--------------------+--------------------+
; Option                                                                     ; Setting            ; Default Value      ;
+----------------------------------------------------------------------------+--------------------+--------------------+
; Top-level entity name                                                      ; top_tanh           ; sigmoides          ;
; Family name                                                                ; Cyclone IV E       ; Stratix II         ;
; Use smart compilation                                                      ; Off                ; Off                ;
; Maximum processors allowed for parallel compilation                        ; 1                  ; 1                  ;
; Enable parallel Assembler and TimeQuest Timing Analyzer during compilation ; On                 ; On                 ;
; Enable compact report table                                                ; Off                ; Off                ;
; Restructure Multiplexers                                                   ; Auto               ; Auto               ;
; Create Debugging Nodes for IP Cores                                        ; Off                ; Off                ;
; Preserve fewer node names                                                  ; On                 ; On                 ;
; Intel FPGA IP Evaluation Mode                                              ; Enable             ; Enable             ;
; Verilog Version                                                            ; Verilog_2001       ; Verilog_2001       ;
; VHDL Version                                                               ; VHDL_1993          ; VHDL_1993          ;
; State Machine Processing                                                   ; Auto               ; Auto               ;
; Safe State Machine                                                         ; Off                ; Off                ;
; Extract Verilog State Machines                                             ; On                 ; On                 ;
; Extract VHDL State Machines                                                ; On                 ; On                 ;
; Ignore Verilog initial constructs                                          ; Off                ; Off                ;
; Iteration limit for constant Verilog loops                                 ; 5000               ; 5000               ;
; Iteration limit for non-constant Verilog loops                             ; 250                ; 250                ;
; Add Pass-Through Logic to Inferred RAMs                                    ; On                 ; On                 ;
; Infer RAMs from Raw Logic                                                  ; On                 ; On                 ;
; Parallel Synthesis                                                         ; Off                ; Off                ;
; DSP Block Balancing                                                        ; Auto               ; Auto               ;
; NOT Gate Push-Back                                                         ; On                 ; On                 ;
; Power-Up Don't Care                                                        ; On                 ; On                 ;
; Remove Redundant Logic Cells                                               ; Off                ; Off                ;
; Remove Duplicate Registers                                                 ; On                 ; On                 ;
; Ignore CARRY Buffers                                                       ; Off                ; Off                ;
; Ignore CASCADE Buffers                                                     ; Off                ; Off                ;
; Ignore GLOBAL Buffers                                                      ; Off                ; Off                ;
; Ignore ROW GLOBAL Buffers                                                  ; Off                ; Off                ;
; Ignore LCELL Buffers                                                       ; Off                ; Off                ;
; Ignore SOFT Buffers                                                        ; On                 ; On                 ;
; Limit AHDL Integers to 32 Bits                                             ; Off                ; Off                ;
; Optimization Technique                                                     ; Balanced           ; Balanced           ;
; Carry Chain Length                                                         ; 70                 ; 70                 ;
; Auto Carry Chains                                                          ; On                 ; On                 ;
; Auto Open-Drain Pins                                                       ; On                 ; On                 ;
; Perform WYSIWYG Primitive Resynthesis                                      ; Off                ; Off                ;
; Auto ROM Replacement                                                       ; On                 ; On                 ;
; Auto RAM Replacement                                                       ; On                 ; On                 ;
; Auto DSP Block Replacement                                                 ; On                 ; On                 ;
; Auto Shift Register Replacement                                            ; Auto               ; Auto               ;
; Allow Shift Register Merging across Hierarchies                            ; Auto               ; Auto               ;
; Auto Clock Enable Replacement                                              ; On                 ; On                 ;
; Strict RAM Replacement                                                     ; Off                ; Off                ;
; Allow Synchronous Control Signals                                          ; On                 ; On                 ;
; Force Use of Synchronous Clear Signals                                     ; Off                ; Off                ;
; Auto RAM Block Balancing                                                   ; On                 ; On                 ;
; Auto RAM to Logic Cell Conversion                                          ; Off                ; Off                ;
; Auto Resource Sharing                                                      ; Off                ; Off                ;
; Allow Any RAM Size For Recognition                                         ; Off                ; Off                ;
; Allow Any ROM Size For Recognition                                         ; Off                ; Off                ;
; Allow Any Shift Register Size For Recognition                              ; Off                ; Off                ;
; Use LogicLock Constraints during Resource Balancing                        ; On                 ; On                 ;
; Ignore translate_off and synthesis_off directives                          ; Off                ; Off                ;
; Timing-Driven Synthesis                                                    ; On                 ; On                 ;
; Report Parameter Settings                                                  ; On                 ; On                 ;
; Report Source Assignments                                                  ; On                 ; On                 ;
; Report Connectivity Checks                                                 ; On                 ; On                 ;
; Ignore Maximum Fan-Out Assignments                                         ; Off                ; Off                ;
; Synchronization Register Chain Length                                      ; 2                  ; 2                  ;
; Power Optimization During Synthesis                                        ; Normal compilation ; Normal compilation ;
; HDL message level                                                          ; Level2             ; Level2             ;
; Suppress Register Optimization Related Messages                            ; Off                ; Off                ;
; Number of Removed Registers Reported in Synthesis Report                   ; 100                ; 100                ;
; Number of Swept Nodes Reported in Synthesis Report                         ; 5000               ; 5000               ;
; Number of Inverted Registers Reported in Synthesis Report                  ; 100                ; 100                ;
; Clock MUX Protection                                                       ; On                 ; On                 ;
; Auto Gated Clock Conversion                                                ; Off                ; Off                ;
; Block Design Naming                                                        ; Auto               ; Auto               ;
; SDC constraint protection                                                  ; Off                ; Off                ;
; Synthesis Effort                                                           ; Auto               ; Auto               ;
; Shift Register Replacement - Allow Asynchronous Clear Signal               ; On                 ; On                 ;
; Pre-Mapping Resynthesis Optimization                                       ; Off                ; Off                ;
; Analysis & Synthesis Message Level                                         ; Medium             ; Medium             ;
; Disable Register Merging Across Hierarchies                                ; Auto               ; Auto               ;
; Resource Aware Inference For Block RAM                                     ; On                 ; On                 ;
+----------------------------------------------------------------------------+--------------------+--------------------+


Parallel compilation was disabled, but you have multiple processors available. Enable parallel compilation to reduce compilation time.
+-------------------------------------+
; Parallel Compilation                ;
+----------------------------+--------+
; Processors                 ; Number ;
+----------------------------+--------+
; Number detected on machine ; 8      ;
; Maximum allowed            ; 1      ;
+----------------------------+--------+


+-------------------------------------------------------------------------------------------------------------------------------------------------------------------------------------------------+
; Analysis & Synthesis Source Files Read                                                                                                                                                          ;
+------------------------------------+-----------------+------------------------------+-------------------------------------------------------------------------------------------------+---------+
; File Name with User-Entered Path   ; Used in Netlist ; File Type                    ; File Name with Absolute Path                                                                    ; Library ;
+------------------------------------+-----------------+------------------------------+-------------------------------------------------------------------------------------------------+---------+
; tangente_float_optima.vhd          ; yes             ; User VHDL File               ; C:/Users/jororoc/Documents/QDesign/Tarea3/tangente_PWL_vhd-1/tangente_float_optima.vhd          ;         ;
; derivada_tangente_float_optima.vhd ; yes             ; User VHDL File               ; C:/Users/jororoc/Documents/QDesign/Tarea3/tangente_PWL_vhd-1/derivada_tangente_float_optima.vhd ;         ;
; top_tanh.vhd                       ; yes             ; User VHDL File               ; C:/Users/jororoc/Documents/QDesign/Tarea3/tangente_PWL_vhd-1/top_tanh.vhd                       ;         ;
; lpm_clshift.tdf                    ; yes             ; Megafunction                 ; c:/intelfpga/17.1/quartus/libraries/megafunctions/lpm_clshift.tdf                               ;         ;
; db/lpm_clshift_5lb.tdf             ; yes             ; Auto-Generated Megafunction  ; C:/Users/jororoc/Documents/QDesign/Tarea3/tangente_PWL_vhd-1/db/lpm_clshift_5lb.tdf             ;         ;
; lpm_or.tdf                         ; yes             ; Megafunction                 ; c:/intelfpga/17.1/quartus/libraries/megafunctions/lpm_or.tdf                                    ;         ;
; aglobal171.inc                     ; yes             ; Megafunction                 ; c:/intelfpga/17.1/quartus/libraries/megafunctions/aglobal171.inc                                ;         ;
+------------------------------------+-----------------+------------------------------+-------------------------------------------------------------------------------------------------+---------+


+---------------------------------------------------------+
; Analysis & Synthesis Resource Usage Summary             ;
+---------------------------------------------+-----------+
; Resource                                    ; Usage     ;
+---------------------------------------------+-----------+
; Estimated Total logic elements              ; 478       ;
;                                             ;           ;
; Total combinational functions               ; 445       ;
; Logic element usage by number of LUT inputs ;           ;
;     -- 4 input functions                    ; 277       ;
;     -- 3 input functions                    ; 140       ;
;     -- <=2 input functions                  ; 28        ;
;                                             ;           ;
; Logic elements by mode                      ;           ;
;     -- normal mode                          ; 439       ;
;     -- arithmetic mode                      ; 6         ;
;                                             ;           ;
; Total registers                             ; 125       ;
;     -- Dedicated logic registers            ; 125       ;
;     -- I/O registers                        ; 0         ;
;                                             ;           ;
; I/O pins                                    ; 71        ;
;                                             ;           ;
; Embedded Multiplier 9-bit elements          ; 0         ;
;                                             ;           ;
; Maximum fan-out node                        ; clk~input ;
; Maximum fan-out                             ; 125       ;
; Total fan-out                               ; 2161      ;
; Average fan-out                             ; 3.04      ;
+---------------------------------------------+-----------+


+-----------------------------------------------------------------------------------------------------------------------------------------------------------------------------------------------------------------------------------------------------------------------------------------------------------------------------------+
; Analysis & Synthesis Resource Utilization by Entity                                                                                                                                                                                                                                                                               ;
+-------------------------------------------+---------------------+---------------------------+-------------+--------------+---------+-----------+------+--------------+-------------------------------------------------------------------------------------------------------------+-------------------------------+--------------+
; Compilation Hierarchy Node                ; Combinational ALUTs ; Dedicated Logic Registers ; Memory Bits ; DSP Elements ; DSP 9x9 ; DSP 18x18 ; Pins ; Virtual Pins ; Full Hierarchy Name                                                                                         ; Entity Name                   ; Library Name ;
+-------------------------------------------+---------------------+---------------------------+-------------+--------------+---------+-----------+------+--------------+-------------------------------------------------------------------------------------------------------------+-------------------------------+--------------+
; |top_tanh                                 ; 445 (34)            ; 125 (64)                  ; 0           ; 0            ; 0       ; 0         ; 71   ; 0            ; |top_tanh                                                                                                   ; top_tanh                      ; work         ;
;    |derivada_tangente_hiperbolica:U2|     ; 126 (122)           ; 29 (29)                   ; 0           ; 0            ; 0       ; 0         ; 0    ; 0            ; |top_tanh|derivada_tangente_hiperbolica:U2                                                                  ; derivada_tangente_hiperbolica ; work         ;
;       |lpm_clshift:lpm_clshift_component| ; 4 (0)               ; 0 (0)                     ; 0           ; 0            ; 0       ; 0         ; 0    ; 0            ; |top_tanh|derivada_tangente_hiperbolica:U2|lpm_clshift:lpm_clshift_component                                ; lpm_clshift                   ; work         ;
;          |lpm_clshift_5lb:auto_generated| ; 4 (4)               ; 0 (0)                     ; 0           ; 0            ; 0       ; 0         ; 0    ; 0            ; |top_tanh|derivada_tangente_hiperbolica:U2|lpm_clshift:lpm_clshift_component|lpm_clshift_5lb:auto_generated ; lpm_clshift_5lb               ; work         ;
;    |tangente_hiperbolica:U1|              ; 285 (106)           ; 32 (32)                   ; 0           ; 0            ; 0       ; 0         ; 0    ; 0            ; |top_tanh|tangente_hiperbolica:U1                                                                           ; tangente_hiperbolica          ; work         ;
;       |lpm_clshift:lpm_clshift_component| ; 168 (0)             ; 0 (0)                     ; 0           ; 0            ; 0       ; 0         ; 0    ; 0            ; |top_tanh|tangente_hiperbolica:U1|lpm_clshift:lpm_clshift_component                                         ; lpm_clshift                   ; work         ;
;          |lpm_clshift_5lb:auto_generated| ; 168 (168)           ; 0 (0)                     ; 0           ; 0            ; 0       ; 0         ; 0    ; 0            ; |top_tanh|tangente_hiperbolica:U1|lpm_clshift:lpm_clshift_component|lpm_clshift_5lb:auto_generated          ; lpm_clshift_5lb               ; work         ;
;       |lpm_or:lpm_or_component|           ; 11 (11)             ; 0 (0)                     ; 0           ; 0            ; 0       ; 0         ; 0    ; 0            ; |top_tanh|tangente_hiperbolica:U1|lpm_or:lpm_or_component                                                   ; lpm_or                        ; work         ;
+-------------------------------------------+---------------------+---------------------------+-------------+--------------+---------+-----------+------+--------------+-------------------------------------------------------------------------------------------------------------+-------------------------------+--------------+
Note: For table entries with two numbers listed, the numbers in parentheses indicate the number of resources of the given type used by the specific entity alone. The numbers listed outside of parentheses indicate the total resources of the given type used by the specific entity and all of its sub-entities in the hierarchy.


+----------------------------------------------------------------------------------------------------------+
; Registers Removed During Synthesis                                                                       ;
+------------------------------------------------+---------------------------------------------------------+
; Register name                                  ; Reason for Removal                                      ;
+------------------------------------------------+---------------------------------------------------------+
; derivada_tangente_hiperbolica:U2|result[30,31] ; Stuck at GND due to stuck port data_in                  ;
; derivada_tangente_hiperbolica:U2|result[29]    ; Merged with derivada_tangente_hiperbolica:U2|result[28] ;
; Total Number of Removed Registers = 3          ;                                                         ;
+------------------------------------------------+---------------------------------------------------------+


+------------------------------------------------------+
; General Register Statistics                          ;
+----------------------------------------------+-------+
; Statistic                                    ; Value ;
+----------------------------------------------+-------+
; Total registers                              ; 125   ;
; Number of registers using Synchronous Clear  ; 0     ;
; Number of registers using Synchronous Load   ; 36    ;
; Number of registers using Asynchronous Clear ; 32    ;
; Number of registers using Asynchronous Load  ; 0     ;
; Number of registers using Clock Enable       ; 125   ;
; Number of registers using Preset             ; 0     ;
+----------------------------------------------+-------+


+------------------------------------------------------------------------------------------------------------------------------------------------------------------------------------------------------------------------------+
; Multiplexer Restructuring Statistics (Restructuring Performed)                                                                                                                                                               ;
+--------------------+-----------+---------------+----------------------+------------------------+------------+----------------------------------------------------------------------------------------------------------------+
; Multiplexer Inputs ; Bus Width ; Baseline Area ; Area if Restructured ; Saving if Restructured ; Registered ; Example Multiplexer Output                                                                                     ;
+--------------------+-----------+---------------+----------------------+------------------------+------------+----------------------------------------------------------------------------------------------------------------+
; 3:1                ; 2 bits    ; 4 LEs         ; 2 LEs                ; 2 LEs                  ; Yes        ; |top_tanh|readdata[30]~reg0                                                                                    ;
; 3:1                ; 30 bits   ; 60 LEs        ; 30 LEs               ; 30 LEs                 ; Yes        ; |top_tanh|readdata[2]~reg0                                                                                     ;
; 4:1                ; 8 bits    ; 16 LEs        ; 16 LEs               ; 0 LEs                  ; Yes        ; |top_tanh|tangente_hiperbolica:U1|SALIDA[30]                                                                   ;
; 7:1                ; 2 bits    ; 8 LEs         ; 8 LEs                ; 0 LEs                  ; Yes        ; |top_tanh|tangente_hiperbolica:U1|SALIDA[21]                                                                   ;
; 7:1                ; 2 bits    ; 8 LEs         ; 8 LEs                ; 0 LEs                  ; Yes        ; |top_tanh|tangente_hiperbolica:U1|SALIDA[18]                                                                   ;
; 7:1                ; 16 bits   ; 64 LEs        ; 64 LEs               ; 0 LEs                  ; Yes        ; |top_tanh|tangente_hiperbolica:U1|SALIDA[8]                                                                    ;
; 8:1                ; 2 bits    ; 10 LEs        ; 8 LEs                ; 2 LEs                  ; Yes        ; |top_tanh|tangente_hiperbolica:U1|SALIDA[0]                                                                    ;
; 8:1                ; 2 bits    ; 10 LEs        ; 6 LEs                ; 4 LEs                  ; Yes        ; |top_tanh|derivada_tangente_hiperbolica:U2|result[19]                                                          ;
; 9:1                ; 18 bits   ; 108 LEs       ; 54 LEs               ; 54 LEs                 ; Yes        ; |top_tanh|derivada_tangente_hiperbolica:U2|result[14]                                                          ;
; 4:1                ; 6 bits    ; 12 LEs        ; 12 LEs               ; 0 LEs                  ; No         ; |top_tanh|tangente_hiperbolica:U1|lpm_clshift:lpm_clshift_component|lpm_clshift_5lb:auto_generated|sbit_w[318] ;
+--------------------+-----------+---------------+----------------------+------------------------+------------+----------------------------------------------------------------------------------------------------------------+


+--------------------------------------------------------------------------+
; Parameter Settings for User Entity Instance: Top-level Entity: |top_tanh ;
+----------------+-------+-------------------------------------------------+
; Parameter Name ; Value ; Type                                            ;
+----------------+-------+-------------------------------------------------+
; pendiente      ; 1     ; Signed Integer                                  ;
+----------------+-------+-------------------------------------------------+
Note: In order to hide this table in the UI and the text report file, please set the "Show Parameter Settings in Synthesis Report" option in "Analysis and Synthesis Settings -> More Settings" to "Off".


+--------------------------------------------------------------------------------------------------------+
; Parameter Settings for User Entity Instance: tangente_hiperbolica:U1|LPM_CLSHIFT:lpm_clshift_component ;
+----------------+-----------------+---------------------------------------------------------------------+
; Parameter Name ; Value           ; Type                                                                ;
+----------------+-----------------+---------------------------------------------------------------------+
; LPM_PIPELINE   ; 0               ; Untyped                                                             ;
; LPM_SHIFTTYPE  ; LOGICAL         ; Untyped                                                             ;
; LPM_WIDTH      ; 47              ; Signed Integer                                                      ;
; LPM_WIDTHDIST  ; 6               ; Signed Integer                                                      ;
; CBXI_PARAMETER ; lpm_clshift_5lb ; Untyped                                                             ;
+----------------+-----------------+---------------------------------------------------------------------+
Note: In order to hide this table in the UI and the text report file, please set the "Show Parameter Settings in Synthesis Report" option in "Analysis and Synthesis Settings -> More Settings" to "Off".


+----------------------------------------------------------------------------------------------+
; Parameter Settings for User Entity Instance: tangente_hiperbolica:U1|LPM_OR:lpm_or_component ;
+------------------------+--------------+------------------------------------------------------+
; Parameter Name         ; Value        ; Type                                                 ;
+------------------------+--------------+------------------------------------------------------+
; AUTO_CARRY_CHAINS      ; ON           ; AUTO_CARRY                                           ;
; IGNORE_CARRY_BUFFERS   ; OFF          ; IGNORE_CARRY                                         ;
; AUTO_CASCADE_CHAINS    ; ON           ; AUTO_CASCADE                                         ;
; IGNORE_CASCADE_BUFFERS ; OFF          ; IGNORE_CASCADE                                       ;
; LPM_WIDTH              ; 1            ; Signed Integer                                       ;
; LPM_SIZE               ; 31           ; Signed Integer                                       ;
; CARRY_CHAIN_LENGTH     ; 48           ; CARRY_CHAIN_LENGTH                                   ;
; CARRY_CHAIN            ; MANUAL       ; Untyped                                              ;
; CASCADE_CHAIN          ; MANUAL       ; Untyped                                              ;
; DEVICE_FAMILY          ; Cyclone IV E ; Untyped                                              ;
+------------------------+--------------+------------------------------------------------------+
Note: In order to hide this table in the UI and the text report file, please set the "Show Parameter Settings in Synthesis Report" option in "Analysis and Synthesis Settings -> More Settings" to "Off".


+-----------------------------------------------------------------------------------------------------------------+
; Parameter Settings for User Entity Instance: derivada_tangente_hiperbolica:U2|LPM_CLSHIFT:lpm_clshift_component ;
+----------------+-----------------+------------------------------------------------------------------------------+
; Parameter Name ; Value           ; Type                                                                         ;
+----------------+-----------------+------------------------------------------------------------------------------+
; LPM_PIPELINE   ; 0               ; Untyped                                                                      ;
; LPM_SHIFTTYPE  ; LOGICAL         ; Untyped                                                                      ;
; LPM_WIDTH      ; 47              ; Signed Integer                                                               ;
; LPM_WIDTHDIST  ; 6               ; Signed Integer                                                               ;
; CBXI_PARAMETER ; lpm_clshift_5lb ; Untyped                                                                      ;
+----------------+-----------------+------------------------------------------------------------------------------+
Note: In order to hide this table in the UI and the text report file, please set the "Show Parameter Settings in Synthesis Report" option in "Analysis and Synthesis Settings -> More Settings" to "Off".


+-------------------------------------------------------------------------------------------------------+
; Parameter Settings for User Entity Instance: derivada_tangente_hiperbolica:U2|LPM_OR:lpm_or_component ;
+------------------------+--------------+---------------------------------------------------------------+
; Parameter Name         ; Value        ; Type                                                          ;
+------------------------+--------------+---------------------------------------------------------------+
; AUTO_CARRY_CHAINS      ; ON           ; AUTO_CARRY                                                    ;
; IGNORE_CARRY_BUFFERS   ; OFF          ; IGNORE_CARRY                                                  ;
; AUTO_CASCADE_CHAINS    ; ON           ; AUTO_CASCADE                                                  ;
; IGNORE_CASCADE_BUFFERS ; OFF          ; IGNORE_CASCADE                                                ;
; LPM_WIDTH              ; 1            ; Signed Integer                                                ;
; LPM_SIZE               ; 31           ; Signed Integer                                                ;
; CARRY_CHAIN_LENGTH     ; 48           ; CARRY_CHAIN_LENGTH                                            ;
; CARRY_CHAIN            ; MANUAL       ; Untyped                                                       ;
; CASCADE_CHAIN          ; MANUAL       ; Untyped                                                       ;
; DEVICE_FAMILY          ; Cyclone IV E ; Untyped                                                       ;
+------------------------+--------------+---------------------------------------------------------------+
Note: In order to hide this table in the UI and the text report file, please set the "Show Parameter Settings in Synthesis Report" option in "Analysis and Synthesis Settings -> More Settings" to "Off".


+----------------------------------------------------------------------------------------------------------------+
; Port Connectivity Checks: "derivada_tangente_hiperbolica:U2"                                                   ;
+------+--------+----------+-------------------------------------------------------------------------------------+
; Port ; Type   ; Severity ; Details                                                                             ;
+------+--------+----------+-------------------------------------------------------------------------------------+
; done ; Output ; Info     ; Connected to dangling logic. Logic that only feeds a dangling port will be removed. ;
+------+--------+----------+-------------------------------------------------------------------------------------+


+----------------------------------------------------------------------------------------------------------------+
; Port Connectivity Checks: "tangente_hiperbolica:U1"                                                            ;
+------+--------+----------+-------------------------------------------------------------------------------------+
; Port ; Type   ; Severity ; Details                                                                             ;
+------+--------+----------+-------------------------------------------------------------------------------------+
; done ; Output ; Info     ; Connected to dangling logic. Logic that only feeds a dangling port will be removed. ;
+------+--------+----------+-------------------------------------------------------------------------------------+


+-----------------------------------------------------+
; Post-Synthesis Netlist Statistics for Top Partition ;
+-----------------------+-----------------------------+
; Type                  ; Count                       ;
+-----------------------+-----------------------------+
; boundary_port         ; 71                          ;
; cycloneiii_ff         ; 125                         ;
;     ENA               ; 57                          ;
;     ENA CLR           ; 32                          ;
;     ENA SLD           ; 36                          ;
; cycloneiii_lcell_comb ; 445                         ;
;     arith             ; 6                           ;
;         2 data inputs ; 6                           ;
;     normal            ; 439                         ;
;         1 data inputs ; 5                           ;
;         2 data inputs ; 17                          ;
;         3 data inputs ; 140                         ;
;         4 data inputs ; 277                         ;
;                       ;                             ;
; Max LUT depth         ; 11.20                       ;
; Average LUT depth     ; 7.16                        ;
+-----------------------+-----------------------------+


+-------------------------------+
; Elapsed Time Per Partition    ;
+----------------+--------------+
; Partition Name ; Elapsed Time ;
+----------------+--------------+
; Top            ; 00:00:02     ;
+----------------+--------------+


+-------------------------------+
; Analysis & Synthesis Messages ;
+-------------------------------+
Info: *******************************************************************
Info: Running Quartus Prime Analysis & Synthesis
    Info: Version 17.1.1 Internal Build 593 12/11/2017 SJ Standard Edition
    Info: Processing started: Mon Apr 11 12:43:39 2022
Info: Command: quartus_map --read_settings_files=on --write_settings_files=off sigmoides -c sigmoides
Warning (12473): User specified to use only one processors but 4 processors were detected which could be used to decrease run time.
Info (12021): Found 2 design units, including 1 entities, in source file tangente_float_optima.vhd
    Info (12022): Found design unit 1: tangente_hiperbolica-MONOCICLO File: C:/Users/jororoc/Documents/QDesign/Tarea3/tangente_PWL_vhd-1/tangente_float_optima.vhd Line: 75
    Info (12023): Found entity 1: tangente_hiperbolica File: C:/Users/jororoc/Documents/QDesign/Tarea3/tangente_PWL_vhd-1/tangente_float_optima.vhd Line: 57
Info (12021): Found 2 design units, including 1 entities, in source file derivada_tangente_float_optima.vhd
    Info (12022): Found design unit 1: derivada_tangente_hiperbolica-MONOCICLO File: C:/Users/jororoc/Documents/QDesign/Tarea3/tangente_PWL_vhd-1/derivada_tangente_float_optima.vhd Line: 73
    Info (12023): Found entity 1: derivada_tangente_hiperbolica File: C:/Users/jororoc/Documents/QDesign/Tarea3/tangente_PWL_vhd-1/derivada_tangente_float_optima.vhd Line: 56
Info (12021): Found 2 design units, including 1 entities, in source file top_tanh.vhd
    Info (12022): Found design unit 1: top_tanh-rtl File: C:/Users/jororoc/Documents/QDesign/Tarea3/tangente_PWL_vhd-1/top_tanh.vhd Line: 25
    Info (12023): Found entity 1: top_tanh File: C:/Users/jororoc/Documents/QDesign/Tarea3/tangente_PWL_vhd-1/top_tanh.vhd Line: 6
Info (12127): Elaborating entity "top_tanh" for the top level hierarchy
Info (12128): Elaborating entity "tangente_hiperbolica" for hierarchy "tangente_hiperbolica:U1" File: C:/Users/jororoc/Documents/QDesign/Tarea3/tangente_PWL_vhd-1/top_tanh.vhd Line: 65
Warning (10445): VHDL Subtype or Type Declaration warning at tangente_float_optima.vhd(286): subtype or type has null range File: C:/Users/jororoc/Documents/QDesign/Tarea3/tangente_PWL_vhd-1/tangente_float_optima.vhd Line: 286
Warning (10296): VHDL warning at tangente_float_optima.vhd(286): ignored assignment of value to null range File: C:/Users/jororoc/Documents/QDesign/Tarea3/tangente_PWL_vhd-1/tangente_float_optima.vhd Line: 286
Info (12128): Elaborating entity "LPM_CLSHIFT" for hierarchy "tangente_hiperbolica:U1|LPM_CLSHIFT:lpm_clshift_component" File: C:/Users/jororoc/Documents/QDesign/Tarea3/tangente_PWL_vhd-1/tangente_float_optima.vhd Line: 178
Info (12130): Elaborated megafunction instantiation "tangente_hiperbolica:U1|LPM_CLSHIFT:lpm_clshift_component" File: C:/Users/jororoc/Documents/QDesign/Tarea3/tangente_PWL_vhd-1/tangente_float_optima.vhd Line: 178
Info (12133): Instantiated megafunction "tangente_hiperbolica:U1|LPM_CLSHIFT:lpm_clshift_component" with the following parameter: File: C:/Users/jororoc/Documents/QDesign/Tarea3/tangente_PWL_vhd-1/tangente_float_optima.vhd Line: 178
    Info (12134): Parameter "LPM_WIDTH" = "47"
    Info (12134): Parameter "LPM_WIDTHDIST" = "6"
    Info (12134): Parameter "LPM_SHIFTTYPE" = "LOGICAL"
    Info (12134): Parameter "LPM_TYPE" = "LPM_CLSHIFT"
    Info (12134): Parameter "LPM_HINT" = "UNUSED"
Info (12021): Found 1 design units, including 1 entities, in source file db/lpm_clshift_5lb.tdf
    Info (12023): Found entity 1: lpm_clshift_5lb File: C:/Users/jororoc/Documents/QDesign/Tarea3/tangente_PWL_vhd-1/db/lpm_clshift_5lb.tdf Line: 22
Info (12128): Elaborating entity "lpm_clshift_5lb" for hierarchy "tangente_hiperbolica:U1|LPM_CLSHIFT:lpm_clshift_component|lpm_clshift_5lb:auto_generated" File: c:/intelfpga/17.1/quartus/libraries/megafunctions/lpm_clshift.tdf Line: 53
Info (12128): Elaborating entity "LPM_OR" for hierarchy "tangente_hiperbolica:U1|LPM_OR:lpm_or_component" File: C:/Users/jororoc/Documents/QDesign/Tarea3/tangente_PWL_vhd-1/tangente_float_optima.vhd Line: 198
Info (12130): Elaborated megafunction instantiation "tangente_hiperbolica:U1|LPM_OR:lpm_or_component" File: C:/Users/jororoc/Documents/QDesign/Tarea3/tangente_PWL_vhd-1/tangente_float_optima.vhd Line: 198
Info (12133): Instantiated megafunction "tangente_hiperbolica:U1|LPM_OR:lpm_or_component" with the following parameter: File: C:/Users/jororoc/Documents/QDesign/Tarea3/tangente_PWL_vhd-1/tangente_float_optima.vhd Line: 198
    Info (12134): Parameter "LPM_WIDTH" = "1"
    Info (12134): Parameter "LPM_SIZE" = "31"
    Info (12134): Parameter "LPM_TYPE" = "LPM_OR"
    Info (12134): Parameter "LPM_HINT" = "UNUSED"
Info (12128): Elaborating entity "derivada_tangente_hiperbolica" for hierarchy "derivada_tangente_hiperbolica:U2" File: C:/Users/jororoc/Documents/QDesign/Tarea3/tangente_PWL_vhd-1/top_tanh.vhd Line: 74
Warning (10036): Verilog HDL or VHDL warning at derivada_tangente_float_optima.vhd(123): object "s" assigned a value but never read File: C:/Users/jororoc/Documents/QDesign/Tarea3/tangente_PWL_vhd-1/derivada_tangente_float_optima.vhd Line: 123
Warning (10036): Verilog HDL or VHDL warning at derivada_tangente_float_optima.vhd(145): object "e_div_1" assigned a value but never read File: C:/Users/jororoc/Documents/QDesign/Tarea3/tangente_PWL_vhd-1/derivada_tangente_float_optima.vhd Line: 145
Warning (10445): VHDL Subtype or Type Declaration warning at derivada_tangente_float_optima.vhd(303): subtype or type has null range File: C:/Users/jororoc/Documents/QDesign/Tarea3/tangente_PWL_vhd-1/derivada_tangente_float_optima.vhd Line: 303
Warning (10296): VHDL warning at derivada_tangente_float_optima.vhd(303): ignored assignment of value to null range File: C:/Users/jororoc/Documents/QDesign/Tarea3/tangente_PWL_vhd-1/derivada_tangente_float_optima.vhd Line: 303
Info (286030): Timing-Driven Synthesis is running
Warning (20013): Ignored 3 assignments for entity "top_sigmoides" -- entity does not exist in design
    Warning (20014): Assignment for entity set_global_assignment -name LL_ROOT_REGION ON -entity top_sigmoides -section_id "Root Region" was ignored
    Warning (20014): Assignment for entity set_global_assignment -name LL_MEMBER_STATE LOCKED -entity top_sigmoides -section_id "Root Region" was ignored
    Warning (20014): Assignment for entity set_global_assignment -name LL_ROUTING_REGION OFF -entity top_sigmoides -section_id "Root Region" was ignored
Info (16010): Generating hard_block partition "hard_block:auto_generated_inst"
    Info (16011): Adding 0 node(s), including 0 DDIO, 0 PLL, 0 transceiver and 0 LCELL
Info (21057): Implemented 549 device resources after synthesis - the final resource count might be different
    Info (21058): Implemented 39 input pins
    Info (21059): Implemented 32 output pins
    Info (21061): Implemented 478 logic cells
Info: Quartus Prime Analysis & Synthesis was successful. 0 errors, 11 warnings
    Info: Peak virtual memory: 4801 megabytes
    Info: Processing ended: Mon Apr 11 12:43:53 2022
    Info: Elapsed time: 00:00:14
    Info: Total CPU time (on all processors): 00:00:29


