Flow report for sigmoides
Mon Apr 11 12:44:11 2022
Quartus Prime Version 17.1.1 Internal Build 593 12/11/2017 SJ Standard Edition


---------------------
; Table of Contents ;
---------------------
  1. Legal Notice
  2. Flow Summary
  3. Flow Settings
  4. Flow Non-Default Global Settings
  5. Flow Elapsed Time
  6. Flow OS Summary
  7. Flow Log
  8. Flow Messages
  9. Flow Suppressed Messages



----------------
; Legal Notice ;
----------------
Copyright (C) 2017  Intel Corporation. All rights reserved.
Your use of Intel Corporation's design tools, logic functions 
and other software and tools, and its AMPP partner logic 
functions, and any output files from any of the foregoing 
(including device programming or simulation files), and any 
associated documentation or information are expressly subject 
to the terms and conditions of the Intel Program License 
Subscription Agreement, the Intel Quartus Prime License Agreement,
the Intel FPGA IP License Agreement, or other applicable license
agreement, including, without limitation, that your use is for
the sole purpose of programming logic devices manufactured by
Intel and sold by Intel or its authorized distributors.  Please
refer to the applicable agreement for further details.



+-----------------------------------------------------------------------------------------------+
; Flow Summary                                                                                  ;
+------------------------------------+----------------------------------------------------------+
; Flow Status                        ; Successful - Mon Apr 11 12:44:08 2022                    ;
; Quartus Prime Version              ; 17.1.1 Internal Build 593 12/11/2017 SJ Standard Edition ;
; Revision Name                      ; sigmoides                                                ;
; Top-level Entity Name              ; top_tanh                                                 ;
; Family                             ; Cyclone IV E                                             ;
; Total logic elements               ; 447 / 6,272 ( 7 % )                                      ;
;     Total combinational functions  ; 445 / 6,272 ( 7 % )                                      ;
;     Dedicated logic registers      ; 125 / 6,272 ( 2 % )                                      ;
; Total registers                    ; 125                                                      ;
; Total pins                         ; 71 / 180 ( 39 % )                                        ;
; Total virtual pins                 ; 0                                                        ;
; Total memory bits                  ; 0 / 276,480 ( 0 % )                                      ;
; Embedded Multiplier 9-bit elements ; 0 / 30 ( 0 % )                                           ;
; Total PLLs                         ; 0 / 2 ( 0 % )                                            ;
; Device                             ; EP4CE6F17C6                                              ;
; Timing Models                      ; Final                                                    ;
+------------------------------------+----------------------------------------------------------+


+-----------------------------------------+
; Flow Settings                           ;
+-------------------+---------------------+
; Option            ; Setting             ;
+-------------------+---------------------+
; Start date & time ; 04/11/2022 12:43:40 ;
; Main task         ; Compilation         ;
; Revision Name     ; sigmoides           ;
+-------------------+---------------------+


+-------------------------------------------------------------------------------------------------------------------------+
; Flow Non-Default Global Settings                                                                                        ;
+-------------------------------------+----------------------------------------+---------------+-------------+------------+
; Assignment Name                     ; Value                                  ; Default Value ; Entity Name ; Section Id ;
+-------------------------------------+----------------------------------------+---------------+-------------+------------+
; COMPILER_SIGNATURE_ID               ; 242211430917466.164967382012976        ; --            ; --          ; --         ;
; PARTITION_COLOR                     ; -- (Not supported for targeted family) ; --            ; top_tanh    ; Top        ;
; PARTITION_FITTER_PRESERVATION_LEVEL ; -- (Not supported for targeted family) ; --            ; top_tanh    ; Top        ;
; PARTITION_NETLIST_TYPE              ; -- (Not supported for targeted family) ; --            ; top_tanh    ; Top        ;
; TOP_LEVEL_ENTITY                    ; top_tanh                               ; sigmoides     ; --          ; --         ;
+-------------------------------------+----------------------------------------+---------------+-------------+------------+


+-------------------------------------------------------------------------------------------------------------------------------+
; Flow Elapsed Time                                                                                                             ;
+---------------------------+--------------+-------------------------+---------------------+------------------------------------+
; Module Name               ; Elapsed Time ; Average Processors Used ; Peak Virtual Memory ; Total CPU Time (on all processors) ;
+---------------------------+--------------+-------------------------+---------------------+------------------------------------+
; Analysis & Synthesis      ; 00:00:14     ; 1.0                     ; 4801 MB             ; 00:00:29                           ;
; Fitter                    ; 00:00:10     ; 1.0                     ; 5148 MB             ; 00:00:10                           ;
; Assembler                 ; 00:00:02     ; 1.0                     ; 4672 MB             ; 00:00:01                           ;
; TimeQuest Timing Analyzer ; 00:00:02     ; 1.0                     ; 4741 MB             ; 00:00:02                           ;
; Total                     ; 00:00:28     ; --                      ; --                  ; 00:00:42                           ;
+---------------------------+--------------+-------------------------+---------------------+------------------------------------+


+-----------------------------------------------------------------------------------------+
; Flow OS Summary                                                                         ;
+---------------------------+------------------+------------+------------+----------------+
; Module Name               ; Machine Hostname ; OS Name    ; OS Version ; Processor type ;
+---------------------------+------------------+------------+------------+----------------+
; Analysis & Synthesis      ; labpro01         ; Windows 10 ; 10.0       ; x86_64         ;
; Fitter                    ; labpro01         ; Windows 10 ; 10.0       ; x86_64         ;
; Assembler                 ; labpro01         ; Windows 10 ; 10.0       ; x86_64         ;
; TimeQuest Timing Analyzer ; labpro01         ; Windows 10 ; 10.0       ; x86_64         ;
+---------------------------+------------------+------------+------------+----------------+


------------
; Flow Log ;
------------
quartus_map --read_settings_files=on --write_settings_files=off sigmoides -c sigmoides
quartus_fit --read_settings_files=off --write_settings_files=off sigmoides -c sigmoides
quartus_asm --read_settings_files=off --write_settings_files=off sigmoides -c sigmoides
quartus_sta sigmoides -c sigmoides



