12:55:00 **** Build of configuration Nios II for project led_intermitente ****
make all 
Info: Building ../led_intermitente_bsp/
C:/intelFPGA/17.1/nios2eds/bin/gnu/H-x86_64-mingw32/bin/make --no-print-directory -C ../led_intermitente_bsp/
[BSP build complete]
Info: Compiling led_intermitente.c to obj/default/led_intermitente.o
nios2-elf-gcc -xc -MP -MMD -c -I../led_intermitente_bsp//HAL/inc -I../led_intermitente_bsp/ -I../led_intermitente_bsp//drivers/inc  -pipe -D__hal__ -DALT_NO_C_PLUS_PLUS -DALT_NO_INSTRUCTION_EMULATION -DALT_USE_SMALL_DRIVERS -DSMALL_C_LIB -DALT_SINGLE_THREADED    -O0 -g -Wall   -mno-hw-div -mno-hw-mul -mno-hw-mulx -mgpopt=global  -o obj/default/led_intermitente.o led_intermitente.c
Info: Linking led_intermitente.elf
nios2-elf-g++  -T'../led_intermitente_bsp//linker.x' -msys-crt0='../led_intermitente_bsp//obj/HAL/src/crt0.o' -msys-lib=hal_bsp -L../led_intermitente_bsp/  -msmallc  -Wl,-Map=led_intermitente.map   -O0 -g -Wall   -mno-hw-div -mno-hw-mul -mno-hw-mulx -mgpopt=global  -o led_intermitente.elf obj/default/led_intermitente.o -lm -msys-lib=m
nios2-elf-insert led_intermitente.elf --thread_model hal --cpu_name cpu --qsys true --simulation_enabled false --id 0 --sidp 0x11030 --timestamp 1646046245 --stderr_dev jtag_uart --stdin_dev jtag_uart --stdout_dev jtag_uart --sopc_system_name nios_system --quartus_project_dir "C:/Users/jororoc/Documents/QDesign/mi_primer_niosii" --jdi ../..//output_files/mi_primer_niosii.jdi --sopcinfo C:/Users/jororoc/Documents/QDesign/mi_primer_niosii/software/led_intermitente_bsp/../../nios_system.sopcinfo
Info: (led_intermitente.elf) 8128 Bytes program size (code + initialized data).
Info:                        11 KBytes free for stack + heap.
Info: Creating led_intermitente.objdump
nios2-elf-objdump --disassemble --syms --all-header --source led_intermitente.elf >led_intermitente.objdump
[led_intermitente build complete]
12:55:13 **** Build of configuration Nios II for project led_intermitente ****
make all 
Info: Building ../led_intermitente_bsp/
C:/intelFPGA/17.1/nios2eds/bin/gnu/H-x86_64-mingw32/bin/make --no-print-directory -C ../led_intermitente_bsp/
[BSP build complete]
[led_intermitente build complete]
12:55:14 **** Incremental Build of configuration Nios II for project led_intermitente ****
make all 
Info: Building ../led_intermitente_bsp/
C:/intelFPGA/17.1/nios2eds/bin/gnu/H-x86_64-mingw32/bin/make --no-print-directory -C ../led_intermitente_bsp/
[BSP build complete]
[led_intermitente build complete]
