EDA Netlist Writer report for mi_primer_niosii
Mon Feb 28 12:49:35 2022
Quartus Prime Version 17.1.1 Internal Build 593 12/11/2017 SJ Standard Edition


---------------------
; Table of Contents ;
---------------------
  1. Legal Notice
  2. EDA Netlist Writer Summary
  3. Simulation Settings
  4. Simulation Generated Files
  5. EDA Netlist Writer Messages



----------------
; Legal Notice ;
----------------
Copyright (C) 2017  Intel Corporation. All rights reserved.
Your use of Intel Corporation's design tools, logic functions 
and other software and tools, and its AMPP partner logic 
functions, and any output files from any of the foregoing 
(including device programming or simulation files), and any 
associated documentation or information are expressly subject 
to the terms and conditions of the Intel Program License 
Subscription Agreement, the Intel Quartus Prime License Agreement,
the Intel FPGA IP License Agreement, or other applicable license
agreement, including, without limitation, that your use is for
the sole purpose of programming logic devices manufactured by
Intel and sold by Intel or its authorized distributors.  Please
refer to the applicable agreement for further details.



+-------------------------------------------------------------------+
; EDA Netlist Writer Summary                                        ;
+---------------------------+---------------------------------------+
; EDA Netlist Writer Status ; Successful - Mon Feb 28 12:49:35 2022 ;
; Revision Name             ; mi_primer_niosii                      ;
; Top-level Entity Name     ; mi_primer_niosii                      ;
; Family                    ; Cyclone IV E                          ;
; Simulation Files Creation ; Successful                            ;
+---------------------------+---------------------------------------+


+-------------------------------------------------------------------------------------------------------------------------------+
; Simulation Settings                                                                                                           ;
+---------------------------------------------------------------------------------------------------+---------------------------+
; Option                                                                                            ; Setting                   ;
+---------------------------------------------------------------------------------------------------+---------------------------+
; Tool Name                                                                                         ; ModelSim-Altera (Verilog) ;
; Generate functional simulation netlist                                                            ; Off                       ;
; Time scale                                                                                        ; 1 ps                      ;
; Truncate long hierarchy paths                                                                     ; Off                       ;
; Map illegal HDL characters                                                                        ; Off                       ;
; Flatten buses into individual nodes                                                               ; Off                       ;
; Maintain hierarchy                                                                                ; Off                       ;
; Bring out device-wide set/reset signals as ports                                                  ; Off                       ;
; Enable glitch filtering                                                                           ; Off                       ;
; Do not write top level VHDL entity                                                                ; Off                       ;
; Disable detection of setup and hold time violations in the input registers of bi-directional pins ; Off                       ;
; Architecture name in VHDL output netlist                                                          ; structure                 ;
; Generate third-party EDA tool command script for RTL functional simulation                        ; Off                       ;
; Generate third-party EDA tool command script for gate-level simulation                            ; Off                       ;
+---------------------------------------------------------------------------------------------------+---------------------------+


+-------------------------------------------------------------------------------------------------------------------+
; Simulation Generated Files                                                                                        ;
+-------------------------------------------------------------------------------------------------------------------+
; Generated Files                                                                                                   ;
+-------------------------------------------------------------------------------------------------------------------+
; C:/Users/jororoc/Documents/QDesign/mi_primer_niosii/simulation/modelsim/mi_primer_niosii_7_1200mv_85c_slow.vo     ;
; C:/Users/jororoc/Documents/QDesign/mi_primer_niosii/simulation/modelsim/mi_primer_niosii_7_1200mv_0c_slow.vo      ;
; C:/Users/jororoc/Documents/QDesign/mi_primer_niosii/simulation/modelsim/mi_primer_niosii_min_1200mv_0c_fast.vo    ;
; C:/Users/jororoc/Documents/QDesign/mi_primer_niosii/simulation/modelsim/mi_primer_niosii.vo                       ;
; C:/Users/jororoc/Documents/QDesign/mi_primer_niosii/simulation/modelsim/mi_primer_niosii_7_1200mv_85c_v_slow.sdo  ;
; C:/Users/jororoc/Documents/QDesign/mi_primer_niosii/simulation/modelsim/mi_primer_niosii_7_1200mv_0c_v_slow.sdo   ;
; C:/Users/jororoc/Documents/QDesign/mi_primer_niosii/simulation/modelsim/mi_primer_niosii_min_1200mv_0c_v_fast.sdo ;
; C:/Users/jororoc/Documents/QDesign/mi_primer_niosii/simulation/modelsim/mi_primer_niosii_v.sdo                    ;
+-------------------------------------------------------------------------------------------------------------------+


+-----------------------------+
; EDA Netlist Writer Messages ;
+-----------------------------+
Info: *******************************************************************
Info: Running Quartus Prime EDA Netlist Writer
    Info: Version 17.1.1 Internal Build 593 12/11/2017 SJ Standard Edition
    Info: Processing started: Mon Feb 28 12:49:31 2022
Info: Command: quartus_eda --read_settings_files=off --write_settings_files=off mi_primer_niosii -c mi_primer_niosii
Warning (18236): Number of processors has not been specified which may cause overloading on shared machines.  Set the global assignment NUM_PARALLEL_PROCESSORS in your QSF to an appropriate value for best performance.
Info (204019): Generated file mi_primer_niosii_7_1200mv_85c_slow.vo in folder "C:/Users/jororoc/Documents/QDesign/mi_primer_niosii/simulation/modelsim/" for EDA simulation tool
Info (204019): Generated file mi_primer_niosii_7_1200mv_0c_slow.vo in folder "C:/Users/jororoc/Documents/QDesign/mi_primer_niosii/simulation/modelsim/" for EDA simulation tool
Info (204019): Generated file mi_primer_niosii_min_1200mv_0c_fast.vo in folder "C:/Users/jororoc/Documents/QDesign/mi_primer_niosii/simulation/modelsim/" for EDA simulation tool
Info (204019): Generated file mi_primer_niosii.vo in folder "C:/Users/jororoc/Documents/QDesign/mi_primer_niosii/simulation/modelsim/" for EDA simulation tool
Info (204019): Generated file mi_primer_niosii_7_1200mv_85c_v_slow.sdo in folder "C:/Users/jororoc/Documents/QDesign/mi_primer_niosii/simulation/modelsim/" for EDA simulation tool
Info (204019): Generated file mi_primer_niosii_7_1200mv_0c_v_slow.sdo in folder "C:/Users/jororoc/Documents/QDesign/mi_primer_niosii/simulation/modelsim/" for EDA simulation tool
Info (204019): Generated file mi_primer_niosii_min_1200mv_0c_v_fast.sdo in folder "C:/Users/jororoc/Documents/QDesign/mi_primer_niosii/simulation/modelsim/" for EDA simulation tool
Info (204019): Generated file mi_primer_niosii_v.sdo in folder "C:/Users/jororoc/Documents/QDesign/mi_primer_niosii/simulation/modelsim/" for EDA simulation tool
Info: Quartus Prime EDA Netlist Writer was successful. 0 errors, 1 warning
    Info: Peak virtual memory: 4685 megabytes
    Info: Processing ended: Mon Feb 28 12:49:35 2022
    Info: Elapsed time: 00:00:04
    Info: Total CPU time (on all processors): 00:00:04


