IP Upgrade report for DE2_115_Media_Computer
Thu Apr 07 19:02:48 2022
Quartus Prime Version 17.1.1 Internal Build 593 12/11/2017 SJ Standard Edition


---------------------
; Table of Contents ;
---------------------
  1. Legal Notice
  2. IP Upgrade Summary
  3. IP Upgrade Messages



----------------
; Legal Notice ;
----------------
Copyright (C) 2017  Intel Corporation. All rights reserved.
Your use of Intel Corporation's design tools, logic functions 
and other software and tools, and its AMPP partner logic 
functions, and any output files from any of the foregoing 
(including device programming or simulation files), and any 
associated documentation or information are expressly subject 
to the terms and conditions of the Intel Program License 
Subscription Agreement, the Intel Quartus Prime License Agreement,
the Intel FPGA IP License Agreement, or other applicable license
agreement, including, without limitation, that your use is for
the sole purpose of programming logic devices manufactured by
Intel and sold by Intel or its authorized distributors.  Please
refer to the applicable agreement for further details.



+-----------------------------------------------------------------------------------------+
; IP Upgrade Summary                                                                      ;
+------------------------------+----------------------------------------------------------+
; IP Components Upgrade Status ; Failed - Thu Apr 07 19:02:48 2022                        ;
; Quartus Prime Version        ; 17.1.1 Internal Build 593 12/11/2017 SJ Standard Edition ;
; Revision Name                ; DE2_115_Media_Computer                                   ;
; Top-level Entity Name        ; DE2_115_Media_Computer                                   ;
; Family                       ; Cyclone IV E                                             ;
+------------------------------+----------------------------------------------------------+


+---------------------+
; IP Upgrade Messages ;
+---------------------+
Info (23030): Evaluation of Tcl script c:/intelfpga/17.1/quartus/common/tcl/internal/ip_regen/ip_regen.tcl was successful
Info: Quartus Prime Shell was successful. 0 errors, 0 warnings
    Info: Peak virtual memory: 4897 megabytes
    Info: Processing ended: Thu Apr 07 19:02:48 2022
    Info: Elapsed time: 00:00:10
    Info: Total CPU time (on all processors): 00:00:22


