Flow report for funcion_senoide
Mon Apr 18 13:32:26 2022
Quartus Prime Version 17.1.0 Build 590 10/25/2017 SJ Lite Edition


---------------------
; Table of Contents ;
---------------------
  1. Legal Notice
  2. Flow Summary
  3. Flow Settings
  4. Flow Non-Default Global Settings
  5. Flow Elapsed Time
  6. Flow OS Summary
  7. Flow Log
  8. Flow Messages
  9. Flow Suppressed Messages



----------------
; Legal Notice ;
----------------
Copyright (C) 2017  Intel Corporation. All rights reserved.
Your use of Intel Corporation's design tools, logic functions 
and other software and tools, and its AMPP partner logic 
functions, and any output files from any of the foregoing 
(including device programming or simulation files), and any 
associated documentation or information are expressly subject 
to the terms and conditions of the Intel Program License 
Subscription Agreement, the Intel Quartus Prime License Agreement,
the Intel FPGA IP License Agreement, or other applicable license
agreement, including, without limitation, that your use is for
the sole purpose of programming logic devices manufactured by
Intel and sold by Intel or its authorized distributors.  Please
refer to the applicable agreement for further details.



+----------------------------------------------------------------------------------+
; Flow Summary                                                                     ;
+------------------------------------+---------------------------------------------+
; Flow Status                        ; Successful - Mon Apr 18 13:32:26 2022       ;
; Quartus Prime Version              ; 17.1.0 Build 590 10/25/2017 SJ Lite Edition ;
; Revision Name                      ; funcion_senoide                             ;
; Top-level Entity Name              ; sine_mem_9k                                 ;
; Family                             ; Cyclone IV E                                ;
; Device                             ; EP4CE115F29C8                               ;
; Timing Models                      ; Final                                       ;
; Total logic elements               ; 2,427 / 114,480 ( 2 % )                     ;
;     Total combinational functions  ; 2,427 / 114,480 ( 2 % )                     ;
;     Dedicated logic registers      ; 0 / 114,480 ( 0 % )                         ;
; Total registers                    ; 0                                           ;
; Total pins                         ; 65 / 529 ( 12 % )                           ;
; Total virtual pins                 ; 0                                           ;
; Total memory bits                  ; 9,216 / 3,981,312 ( < 1 % )                 ;
; Embedded Multiplier 9-bit elements ; 0 / 532 ( 0 % )                             ;
; Total PLLs                         ; 0 / 4 ( 0 % )                               ;
+------------------------------------+---------------------------------------------+


+-----------------------------------------+
; Flow Settings                           ;
+-------------------+---------------------+
; Option            ; Setting             ;
+-------------------+---------------------+
; Start date & time ; 04/18/2022 13:31:17 ;
; Main task         ; Compilation         ;
; Revision Name     ; funcion_senoide     ;
+-------------------+---------------------+


+-------------------------------------------------------------------------------------------------------------------------------------------+
; Flow Non-Default Global Settings                                                                                                          ;
+--------------------------------------+----------------------------------------------+-----------------+-------------+---------------------+
; Assignment Name                      ; Value                                        ; Default Value   ; Entity Name ; Section Id          ;
+--------------------------------------+----------------------------------------------+-----------------+-------------+---------------------+
; ALLOW_ANY_RAM_SIZE_FOR_RECOGNITION   ; On                                           ; Off             ; --          ; --                  ;
; ALLOW_ANY_ROM_SIZE_FOR_RECOGNITION   ; On                                           ; Off             ; --          ; --                  ;
; COMPILER_SIGNATURE_ID                ; 53384728545771.165028147713304               ; --              ; --          ; --                  ;
; EDA_DESIGN_INSTANCE_NAME             ; NA                                           ; --              ; --          ; correcto_referencia ;
; EDA_EXTRA_ELAB_OPTION                ; ""                                           ; --              ; --          ; eda_simulation      ;
; EDA_NATIVELINK_SIMULATION_TEST_BENCH ; correcto_referencia                          ; --              ; --          ; eda_simulation      ;
; EDA_OUTPUT_DATA_FORMAT               ; Vhdl                                         ; --              ; --          ; eda_simulation      ;
; EDA_SIMULATION_RUN_SCRIPT            ; simulation/modelsim/scrip_referencia_vhdl.do ; --              ; --          ; eda_simulation      ;
; EDA_SIMULATION_TOOL                  ; ModelSim-Altera (VHDL)                       ; <None>          ; --          ; --                  ;
; EDA_TEST_BENCH_ENABLE_STATUS         ; COMMAND_MACRO_MODE                           ; --              ; --          ; eda_simulation      ;
; EDA_TEST_BENCH_FILE                  ; simulation/modelsim/senoide_tb.v             ; --              ; --          ; correcto_referencia ;
; EDA_TEST_BENCH_MODULE_NAME           ; senoide_tb                                   ; --              ; --          ; correcto_referencia ;
; EDA_TEST_BENCH_NAME                  ; correcto_referencia                          ; --              ; --          ; eda_simulation      ;
; EDA_TIME_SCALE                       ; 1 ps                                         ; --              ; --          ; eda_simulation      ;
; MAX_CORE_JUNCTION_TEMP               ; 85                                           ; --              ; --          ; --                  ;
; MIN_CORE_JUNCTION_TEMP               ; 0                                            ; --              ; --          ; --                  ;
; PARTITION_COLOR                      ; -- (Not supported for targeted family)       ; --              ; sine_mem_9k ; Top                 ;
; PARTITION_FITTER_PRESERVATION_LEVEL  ; -- (Not supported for targeted family)       ; --              ; sine_mem_9k ; Top                 ;
; PARTITION_NETLIST_TYPE               ; -- (Not supported for targeted family)       ; --              ; sine_mem_9k ; Top                 ;
; PROJECT_OUTPUT_DIRECTORY             ; output_files                                 ; --              ; --          ; --                  ;
; SEARCH_PATH                          ; simulation/modelsim/                         ; --              ; --          ; --                  ;
; TOP_LEVEL_ENTITY                     ; sine_mem_9k                                  ; funcion_senoide ; --          ; --                  ;
+--------------------------------------+----------------------------------------------+-----------------+-------------+---------------------+


+-------------------------------------------------------------------------------------------------------------------------------+
; Flow Elapsed Time                                                                                                             ;
+---------------------------+--------------+-------------------------+---------------------+------------------------------------+
; Module Name               ; Elapsed Time ; Average Processors Used ; Peak Virtual Memory ; Total CPU Time (on all processors) ;
+---------------------------+--------------+-------------------------+---------------------+------------------------------------+
; Analysis & Synthesis      ; 00:00:28     ; 1.0                     ; 4815 MB             ; 00:00:49                           ;
; Fitter                    ; 00:00:23     ; 1.0                     ; 5443 MB             ; 00:00:28                           ;
; Assembler                 ; 00:00:05     ; 1.0                     ; 4680 MB             ; 00:00:04                           ;
; TimeQuest Timing Analyzer ; 00:00:04     ; 1.1                     ; 4834 MB             ; 00:00:04                           ;
; EDA Netlist Writer        ; 00:00:03     ; 1.0                     ; 4669 MB             ; 00:00:04                           ;
; Total                     ; 00:01:03     ; --                      ; --                  ; 00:01:29                           ;
+---------------------------+--------------+-------------------------+---------------------+------------------------------------+


+-----------------------------------------------------------------------------------------+
; Flow OS Summary                                                                         ;
+---------------------------+------------------+------------+------------+----------------+
; Module Name               ; Machine Hostname ; OS Name    ; OS Version ; Processor type ;
+---------------------------+------------------+------------+------------+----------------+
; Analysis & Synthesis      ; DESKTOP-MO21ON1  ; Windows 10 ; 10.0       ; x86_64         ;
; Fitter                    ; DESKTOP-MO21ON1  ; Windows 10 ; 10.0       ; x86_64         ;
; Assembler                 ; DESKTOP-MO21ON1  ; Windows 10 ; 10.0       ; x86_64         ;
; TimeQuest Timing Analyzer ; DESKTOP-MO21ON1  ; Windows 10 ; 10.0       ; x86_64         ;
; EDA Netlist Writer        ; DESKTOP-MO21ON1  ; Windows 10 ; 10.0       ; x86_64         ;
+---------------------------+------------------+------------+------------+----------------+


------------
; Flow Log ;
------------
quartus_map --read_settings_files=on --write_settings_files=off funcion_senoide -c funcion_senoide
quartus_fit --read_settings_files=off --write_settings_files=off funcion_senoide -c funcion_senoide
quartus_asm --read_settings_files=off --write_settings_files=off funcion_senoide -c funcion_senoide
quartus_sta funcion_senoide -c funcion_senoide
quartus_eda --read_settings_files=off --write_settings_files=off funcion_senoide -c funcion_senoide



